The system is: Linux - 4.4.103-18.41-default - x86_64
Compiling the C compiler identification source file "CMakeCCompilerId.c" succeeded.
Compiler: /usr/bin/gcc 
Build flags: 
Id flags:  

The output was:
0


Compilation of the C compiler identification source "CMakeCCompilerId.c" produced "a.out"

The C compiler identification is GNU, found in "/home/anton/Desktop/Projects/AVR/gsm-module/CMakeFiles/3.8.2/CompilerIdC/a.out"

Compiling the CXX compiler identification source file "CMakeCXXCompilerId.cpp" succeeded.
Compiler: /usr/bin/g++ 
Build flags: 
Id flags:  

The output was:
0


Compilation of the CXX compiler identification source "CMakeCXXCompilerId.cpp" produced "a.out"

The CXX compiler identification is GNU, found in "/home/anton/Desktop/Projects/AVR/gsm-module/CMakeFiles/3.8.2/CompilerIdCXX/a.out"

Determining if the C compiler works passed with the following output:
Change Dir: /home/anton/Desktop/Projects/AVR/gsm-module/CMakeFiles/CMakeTmp

Run Build Command:"/usr/bin/gmake" "cmTC_cf1a5/fast"
/usr/bin/gmake -f CMakeFiles/cmTC_cf1a5.dir/build.make CMakeFiles/cmTC_cf1a5.dir/build
gmake[1]: вход в каталог «/home/anton/Desktop/Projects/AVR/gsm-module/CMakeFiles/CMakeTmp»
Building C object CMakeFiles/cmTC_cf1a5.dir/testCCompiler.c.o
/usr/bin/gcc    -o CMakeFiles/cmTC_cf1a5.dir/testCCompiler.c.o   -c /home/anton/Desktop/Projects/AVR/gsm-module/CMakeFiles/CMakeTmp/testCCompiler.c
Linking C executable cmTC_cf1a5
/opt/clion-2017.2.3/bin/cmake/bin/cmake -E cmake_link_script CMakeFiles/cmTC_cf1a5.dir/link.txt --verbose=1
/usr/bin/gcc      CMakeFiles/cmTC_cf1a5.dir/testCCompiler.c.o  -o cmTC_cf1a5 
gmake[1]: выход из каталога «/home/anton/Desktop/Projects/AVR/gsm-module/CMakeFiles/CMakeTmp»


Detecting C compiler ABI info compiled with the following output:
Change Dir: /home/anton/Desktop/Projects/AVR/gsm-module/CMakeFiles/CMakeTmp

Run Build Command:"/usr/bin/gmake" "cmTC_bae7d/fast"
/usr/bin/gmake -f CMakeFiles/cmTC_bae7d.dir/build.make CMakeFiles/cmTC_bae7d.dir/build
gmake[1]: вход в каталог «/home/anton/Desktop/Projects/AVR/gsm-module/CMakeFiles/CMakeTmp»
Building C object CMakeFiles/cmTC_bae7d.dir/CMakeCCompilerABI.c.o
/usr/bin/gcc    -o CMakeFiles/cmTC_bae7d.dir/CMakeCCompilerABI.c.o   -c /opt/clion-2017.2.3/bin/cmake/share/cmake-3.8/Modules/CMakeCCompilerABI.c
Linking C executable cmTC_bae7d
/opt/clion-2017.2.3/bin/cmake/bin/cmake -E cmake_link_script CMakeFiles/cmTC_bae7d.dir/link.txt --verbose=1
/usr/bin/gcc     -v CMakeFiles/cmTC_bae7d.dir/CMakeCCompilerABI.c.o  -o cmTC_bae7d 
Using built-in specs.
COLLECT_GCC=/usr/bin/gcc
COLLECT_LTO_WRAPPER=/usr/lib64/gcc/x86_64-suse-linux/6/lto-wrapper
Target: x86_64-suse-linux
Configured with: ../configure --prefix=/usr --infodir=/usr/share/info --mandir=/usr/share/man --libdir=/usr/lib64 --libexecdir=/usr/lib64 --enable-languages=c,c++,objc,fortran,obj-c++,java,ada,go --enable-offload-targets=hsa --enable-checking=release --with-gxx-include-dir=/usr/include/c++/6 --enable-ssp --disable-libssp --disable-libvtv --disable-libcc1 --disable-plugin --with-bugurl=http://bugs.opensuse.org/ --with-pkgversion='SUSE Linux' --disable-libgcj --with-slibdir=/lib64 --with-system-zlib --enable-__cxa_atexit --enable-libstdcxx-allocator=new --disable-libstdcxx-pch --with-default-libstdcxx-abi=gcc4-compatible --enable-version-specific-runtime-libs --enable-linker-build-id --enable-linux-futex --enable-gnu-indirect-function --program-suffix=-6 --without-system-libunwind --enable-multilib --with-arch-32=x86-64 --with-tune=generic --build=x86_64-suse-linux --host=x86_64-suse-linux
Thread model: posix
gcc version 6.2.1 20160826 [gcc-6-branch revision 239773] (SUSE Linux) 
COMPILER_PATH=/usr/lib64/gcc/x86_64-suse-linux/6/:/usr/lib64/gcc/x86_64-suse-linux/6/:/usr/lib64/gcc/x86_64-suse-linux/:/usr/lib64/gcc/x86_64-suse-linux/6/:/usr/lib64/gcc/x86_64-suse-linux/:/usr/lib64/gcc/x86_64-suse-linux/6/../../../../x86_64-suse-linux/bin/
LIBRARY_PATH=/usr/lib64/gcc/x86_64-suse-linux/6/:/usr/lib64/gcc/x86_64-suse-linux/6/../../../../lib64/:/lib/../lib64/:/usr/lib/../lib64/:/usr/lib64/gcc/x86_64-suse-linux/6/../../../../x86_64-suse-linux/lib/:/usr/lib64/gcc/x86_64-suse-linux/6/../../../:/lib/:/usr/lib/
COLLECT_GCC_OPTIONS='-v' '-o' 'cmTC_bae7d' '-mtune=generic' '-march=x86-64'
 /usr/lib64/gcc/x86_64-suse-linux/6/collect2 -plugin /usr/lib64/gcc/x86_64-suse-linux/6/liblto_plugin.so -plugin-opt=/usr/lib64/gcc/x86_64-suse-linux/6/lto-wrapper -plugin-opt=-fresolution=/tmp/ccjAAM3t.res -plugin-opt=-pass-through=-lgcc -plugin-opt=-pass-through=-lgcc_s -plugin-opt=-pass-through=-lc -plugin-opt=-pass-through=-lgcc -plugin-opt=-pass-through=-lgcc_s --build-id --eh-frame-hdr -m elf_x86_64 -dynamic-linker /lib64/ld-linux-x86-64.so.2 -o cmTC_bae7d /usr/lib64/gcc/x86_64-suse-linux/6/../../../../lib64/crt1.o /usr/lib64/gcc/x86_64-suse-linux/6/../../../../lib64/crti.o /usr/lib64/gcc/x86_64-suse-linux/6/crtbegin.o -L/usr/lib64/gcc/x86_64-suse-linux/6 -L/usr/lib64/gcc/x86_64-suse-linux/6/../../../../lib64 -L/lib/../lib64 -L/usr/lib/../lib64 -L/usr/lib64/gcc/x86_64-suse-linux/6/../../../../x86_64-suse-linux/lib -L/usr/lib64/gcc/x86_64-suse-linux/6/../../.. CMakeFiles/cmTC_bae7d.dir/CMakeCCompilerABI.c.o -lgcc --as-needed -lgcc_s --no-as-needed -lc -lgcc --as-needed -lgcc_s --no-as-needed /usr/lib64/gcc/x86_64-suse-linux/6/crtend.o /usr/lib64/gcc/x86_64-suse-linux/6/../../../../lib64/crtn.o
COLLECT_GCC_OPTIONS='-v' '-o' 'cmTC_bae7d' '-mtune=generic' '-march=x86-64'
gmake[1]: выход из каталога «/home/anton/Desktop/Projects/AVR/gsm-module/CMakeFiles/CMakeTmp»


Parsed C implicit link information from above output:
  link line regex: [^( *|.*[/\])(ld|([^/\]+-)?ld|collect2)[^/\]*( |$)]
  ignore line: [Change Dir: /home/anton/Desktop/Projects/AVR/gsm-module/CMakeFiles/CMakeTmp]
  ignore line: []
  ignore line: [Run Build Command:"/usr/bin/gmake" "cmTC_bae7d/fast"]
  ignore line: [/usr/bin/gmake -f CMakeFiles/cmTC_bae7d.dir/build.make CMakeFiles/cmTC_bae7d.dir/build]
  ignore line: [gmake[1]: вход в каталог «/home/anton/Desktop/Projects/AVR/gsm-module/CMakeFiles/CMakeTmp»]
  ignore line: [Building C object CMakeFiles/cmTC_bae7d.dir/CMakeCCompilerABI.c.o]
  ignore line: [/usr/bin/gcc    -o CMakeFiles/cmTC_bae7d.dir/CMakeCCompilerABI.c.o   -c /opt/clion-2017.2.3/bin/cmake/share/cmake-3.8/Modules/CMakeCCompilerABI.c]
  ignore line: [Linking C executable cmTC_bae7d]
  ignore line: [/opt/clion-2017.2.3/bin/cmake/bin/cmake -E cmake_link_script CMakeFiles/cmTC_bae7d.dir/link.txt --verbose=1]
  ignore line: [/usr/bin/gcc     -v CMakeFiles/cmTC_bae7d.dir/CMakeCCompilerABI.c.o  -o cmTC_bae7d ]
  ignore line: [Using built-in specs.]
  ignore line: [COLLECT_GCC=/usr/bin/gcc]
  ignore line: [COLLECT_LTO_WRAPPER=/usr/lib64/gcc/x86_64-suse-linux/6/lto-wrapper]
  ignore line: [Target: x86_64-suse-linux]
  ignore line: [Configured with: ../configure --prefix=/usr --infodir=/usr/share/info --mandir=/usr/share/man --libdir=/usr/lib64 --libexecdir=/usr/lib64 --enable-languages=c,c++,objc,fortran,obj-c++,java,ada,go --enable-offload-targets=hsa --enable-checking=release --with-gxx-include-dir=/usr/include/c++/6 --enable-ssp --disable-libssp --disable-libvtv --disable-libcc1 --disable-plugin --with-bugurl=http://bugs.opensuse.org/ --with-pkgversion='SUSE Linux' --disable-libgcj --with-slibdir=/lib64 --with-system-zlib --enable-__cxa_atexit --enable-libstdcxx-allocator=new --disable-libstdcxx-pch --with-default-libstdcxx-abi=gcc4-compatible --enable-version-specific-runtime-libs --enable-linker-build-id --enable-linux-futex --enable-gnu-indirect-function --program-suffix=-6 --without-system-libunwind --enable-multilib --with-arch-32=x86-64 --with-tune=generic --build=x86_64-suse-linux --host=x86_64-suse-linux]
  ignore line: [Thread model: posix]
  ignore line: [gcc version 6.2.1 20160826 [gcc-6-branch revision 239773] (SUSE Linux) ]
  ignore line: [COMPILER_PATH=/usr/lib64/gcc/x86_64-suse-linux/6/:/usr/lib64/gcc/x86_64-suse-linux/6/:/usr/lib64/gcc/x86_64-suse-linux/:/usr/lib64/gcc/x86_64-suse-linux/6/:/usr/lib64/gcc/x86_64-suse-linux/:/usr/lib64/gcc/x86_64-suse-linux/6/../../../../x86_64-suse-linux/bin/]
  ignore line: [LIBRARY_PATH=/usr/lib64/gcc/x86_64-suse-linux/6/:/usr/lib64/gcc/x86_64-suse-linux/6/../../../../lib64/:/lib/../lib64/:/usr/lib/../lib64/:/usr/lib64/gcc/x86_64-suse-linux/6/../../../../x86_64-suse-linux/lib/:/usr/lib64/gcc/x86_64-suse-linux/6/../../../:/lib/:/usr/lib/]
  ignore line: [COLLECT_GCC_OPTIONS='-v' '-o' 'cmTC_bae7d' '-mtune=generic' '-march=x86-64']
  link line: [ /usr/lib64/gcc/x86_64-suse-linux/6/collect2 -plugin /usr/lib64/gcc/x86_64-suse-linux/6/liblto_plugin.so -plugin-opt=/usr/lib64/gcc/x86_64-suse-linux/6/lto-wrapper -plugin-opt=-fresolution=/tmp/ccjAAM3t.res -plugin-opt=-pass-through=-lgcc -plugin-opt=-pass-through=-lgcc_s -plugin-opt=-pass-through=-lc -plugin-opt=-pass-through=-lgcc -plugin-opt=-pass-through=-lgcc_s --build-id --eh-frame-hdr -m elf_x86_64 -dynamic-linker /lib64/ld-linux-x86-64.so.2 -o cmTC_bae7d /usr/lib64/gcc/x86_64-suse-linux/6/../../../../lib64/crt1.o /usr/lib64/gcc/x86_64-suse-linux/6/../../../../lib64/crti.o /usr/lib64/gcc/x86_64-suse-linux/6/crtbegin.o -L/usr/lib64/gcc/x86_64-suse-linux/6 -L/usr/lib64/gcc/x86_64-suse-linux/6/../../../../lib64 -L/lib/../lib64 -L/usr/lib/../lib64 -L/usr/lib64/gcc/x86_64-suse-linux/6/../../../../x86_64-suse-linux/lib -L/usr/lib64/gcc/x86_64-suse-linux/6/../../.. CMakeFiles/cmTC_bae7d.dir/CMakeCCompilerABI.c.o -lgcc --as-needed -lgcc_s --no-as-needed -lc -lgcc --as-needed -lgcc_s --no-as-needed /usr/lib64/gcc/x86_64-suse-linux/6/crtend.o /usr/lib64/gcc/x86_64-suse-linux/6/../../../../lib64/crtn.o]
    arg [/usr/lib64/gcc/x86_64-suse-linux/6/collect2] ==> ignore
    arg [-plugin] ==> ignore
    arg [/usr/lib64/gcc/x86_64-suse-linux/6/liblto_plugin.so] ==> ignore
    arg [-plugin-opt=/usr/lib64/gcc/x86_64-suse-linux/6/lto-wrapper] ==> ignore
    arg [-plugin-opt=-fresolution=/tmp/ccjAAM3t.res] ==> ignore
    arg [-plugin-opt=-pass-through=-lgcc] ==> ignore
    arg [-plugin-opt=-pass-through=-lgcc_s] ==> ignore
    arg [-plugin-opt=-pass-through=-lc] ==> ignore
    arg [-plugin-opt=-pass-through=-lgcc] ==> ignore
    arg [-plugin-opt=-pass-through=-lgcc_s] ==> ignore
    arg [--build-id] ==> ignore
    arg [--eh-frame-hdr] ==> ignore
    arg [-m] ==> ignore
    arg [elf_x86_64] ==> ignore
    arg [-dynamic-linker] ==> ignore
    arg [/lib64/ld-linux-x86-64.so.2] ==> ignore
    arg [-o] ==> ignore
    arg [cmTC_bae7d] ==> ignore
    arg [/usr/lib64/gcc/x86_64-suse-linux/6/../../../../lib64/crt1.o] ==> ignore
    arg [/usr/lib64/gcc/x86_64-suse-linux/6/../../../../lib64/crti.o] ==> ignore
    arg [/usr/lib64/gcc/x86_64-suse-linux/6/crtbegin.o] ==> ignore
    arg [-L/usr/lib64/gcc/x86_64-suse-linux/6] ==> dir [/usr/lib64/gcc/x86_64-suse-linux/6]
    arg [-L/usr/lib64/gcc/x86_64-suse-linux/6/../../../../lib64] ==> dir [/usr/lib64/gcc/x86_64-suse-linux/6/../../../../lib64]
    arg [-L/lib/../lib64] ==> dir [/lib/../lib64]
    arg [-L/usr/lib/../lib64] ==> dir [/usr/lib/../lib64]
    arg [-L/usr/lib64/gcc/x86_64-suse-linux/6/../../../../x86_64-suse-linux/lib] ==> dir [/usr/lib64/gcc/x86_64-suse-linux/6/../../../../x86_64-suse-linux/lib]
    arg [-L/usr/lib64/gcc/x86_64-suse-linux/6/../../..] ==> dir [/usr/lib64/gcc/x86_64-suse-linux/6/../../..]
    arg [CMakeFiles/cmTC_bae7d.dir/CMakeCCompilerABI.c.o] ==> ignore
    arg [-lgcc] ==> lib [gcc]
    arg [--as-needed] ==> ignore
    arg [-lgcc_s] ==> lib [gcc_s]
    arg [--no-as-needed] ==> ignore
    arg [-lc] ==> lib [c]
    arg [-lgcc] ==> lib [gcc]
    arg [--as-needed] ==> ignore
    arg [-lgcc_s] ==> lib [gcc_s]
    arg [--no-as-needed] ==> ignore
    arg [/usr/lib64/gcc/x86_64-suse-linux/6/crtend.o] ==> ignore
    arg [/usr/lib64/gcc/x86_64-suse-linux/6/../../../../lib64/crtn.o] ==> ignore
  remove lib [gcc]
  remove lib [gcc_s]
  remove lib [gcc]
  remove lib [gcc_s]
  collapse library dir [/usr/lib64/gcc/x86_64-suse-linux/6] ==> [/usr/lib64/gcc/x86_64-suse-linux/6]
  collapse library dir [/usr/lib64/gcc/x86_64-suse-linux/6/../../../../lib64] ==> [/usr/lib64]
  collapse library dir [/lib/../lib64] ==> [/lib64]
  collapse library dir [/usr/lib/../lib64] ==> [/usr/lib64]
  collapse library dir [/usr/lib64/gcc/x86_64-suse-linux/6/../../../../x86_64-suse-linux/lib] ==> [/usr/x86_64-suse-linux/lib]
  collapse library dir [/usr/lib64/gcc/x86_64-suse-linux/6/../../..] ==> [/usr/lib64]
  implicit libs: [c]
  implicit dirs: [/usr/lib64/gcc/x86_64-suse-linux/6;/usr/lib64;/lib64;/usr/x86_64-suse-linux/lib]
  implicit fwks: []




Detecting C [-std=c11] compiler features compiled with the following output:
Change Dir: /home/anton/Desktop/Projects/AVR/gsm-module/CMakeFiles/CMakeTmp

Run Build Command:"/usr/bin/gmake" "cmTC_dcc5c/fast"
/usr/bin/gmake -f CMakeFiles/cmTC_dcc5c.dir/build.make CMakeFiles/cmTC_dcc5c.dir/build
gmake[1]: вход в каталог «/home/anton/Desktop/Projects/AVR/gsm-module/CMakeFiles/CMakeTmp»
Building C object CMakeFiles/cmTC_dcc5c.dir/feature_tests.c.o
/usr/bin/gcc   -std=c11 -o CMakeFiles/cmTC_dcc5c.dir/feature_tests.c.o   -c /home/anton/Desktop/Projects/AVR/gsm-module/CMakeFiles/feature_tests.c
Linking C executable cmTC_dcc5c
/opt/clion-2017.2.3/bin/cmake/bin/cmake -E cmake_link_script CMakeFiles/cmTC_dcc5c.dir/link.txt --verbose=1
/usr/bin/gcc      CMakeFiles/cmTC_dcc5c.dir/feature_tests.c.o  -o cmTC_dcc5c 
gmake[1]: выход из каталога «/home/anton/Desktop/Projects/AVR/gsm-module/CMakeFiles/CMakeTmp»


    Feature record: C_FEATURE:1c_function_prototypes
    Feature record: C_FEATURE:1c_restrict
    Feature record: C_FEATURE:1c_static_assert
    Feature record: C_FEATURE:1c_variadic_macros


Detecting C [-std=c99] compiler features compiled with the following output:
Change Dir: /home/anton/Desktop/Projects/AVR/gsm-module/CMakeFiles/CMakeTmp

Run Build Command:"/usr/bin/gmake" "cmTC_4b2d5/fast"
/usr/bin/gmake -f CMakeFiles/cmTC_4b2d5.dir/build.make CMakeFiles/cmTC_4b2d5.dir/build
gmake[1]: вход в каталог «/home/anton/Desktop/Projects/AVR/gsm-module/CMakeFiles/CMakeTmp»
Building C object CMakeFiles/cmTC_4b2d5.dir/feature_tests.c.o
/usr/bin/gcc   -std=c99 -o CMakeFiles/cmTC_4b2d5.dir/feature_tests.c.o   -c /home/anton/Desktop/Projects/AVR/gsm-module/CMakeFiles/feature_tests.c
Linking C executable cmTC_4b2d5
/opt/clion-2017.2.3/bin/cmake/bin/cmake -E cmake_link_script CMakeFiles/cmTC_4b2d5.dir/link.txt --verbose=1
/usr/bin/gcc      CMakeFiles/cmTC_4b2d5.dir/feature_tests.c.o  -o cmTC_4b2d5 
gmake[1]: выход из каталога «/home/anton/Desktop/Projects/AVR/gsm-module/CMakeFiles/CMakeTmp»


    Feature record: C_FEATURE:1c_function_prototypes
    Feature record: C_FEATURE:1c_restrict
    Feature record: C_FEATURE:0c_static_assert
    Feature record: C_FEATURE:1c_variadic_macros


Detecting C [-std=c90] compiler features compiled with the following output:
Change Dir: /home/anton/Desktop/Projects/AVR/gsm-module/CMakeFiles/CMakeTmp

Run Build Command:"/usr/bin/gmake" "cmTC_38ce6/fast"
/usr/bin/gmake -f CMakeFiles/cmTC_38ce6.dir/build.make CMakeFiles/cmTC_38ce6.dir/build
gmake[1]: вход в каталог «/home/anton/Desktop/Projects/AVR/gsm-module/CMakeFiles/CMakeTmp»
Building C object CMakeFiles/cmTC_38ce6.dir/feature_tests.c.o
/usr/bin/gcc   -std=c90 -o CMakeFiles/cmTC_38ce6.dir/feature_tests.c.o   -c /home/anton/Desktop/Projects/AVR/gsm-module/CMakeFiles/feature_tests.c
Linking C executable cmTC_38ce6
/opt/clion-2017.2.3/bin/cmake/bin/cmake -E cmake_link_script CMakeFiles/cmTC_38ce6.dir/link.txt --verbose=1
/usr/bin/gcc      CMakeFiles/cmTC_38ce6.dir/feature_tests.c.o  -o cmTC_38ce6 
gmake[1]: выход из каталога «/home/anton/Desktop/Projects/AVR/gsm-module/CMakeFiles/CMakeTmp»


    Feature record: C_FEATURE:1c_function_prototypes
    Feature record: C_FEATURE:0c_restrict
    Feature record: C_FEATURE:0c_static_assert
    Feature record: C_FEATURE:0c_variadic_macros
Determining if the CXX compiler works passed with the following output:
Change Dir: /home/anton/Desktop/Projects/AVR/gsm-module/CMakeFiles/CMakeTmp

Run Build Command:"/usr/bin/gmake" "cmTC_d0091/fast"
/usr/bin/gmake -f CMakeFiles/cmTC_d0091.dir/build.make CMakeFiles/cmTC_d0091.dir/build
gmake[1]: вход в каталог «/home/anton/Desktop/Projects/AVR/gsm-module/CMakeFiles/CMakeTmp»
Building CXX object CMakeFiles/cmTC_d0091.dir/testCXXCompiler.cxx.o
/usr/bin/g++     -o CMakeFiles/cmTC_d0091.dir/testCXXCompiler.cxx.o -c /home/anton/Desktop/Projects/AVR/gsm-module/CMakeFiles/CMakeTmp/testCXXCompiler.cxx
Linking CXX executable cmTC_d0091
/opt/clion-2017.2.3/bin/cmake/bin/cmake -E cmake_link_script CMakeFiles/cmTC_d0091.dir/link.txt --verbose=1
/usr/bin/g++       CMakeFiles/cmTC_d0091.dir/testCXXCompiler.cxx.o  -o cmTC_d0091 
gmake[1]: выход из каталога «/home/anton/Desktop/Projects/AVR/gsm-module/CMakeFiles/CMakeTmp»


Detecting CXX compiler ABI info compiled with the following output:
Change Dir: /home/anton/Desktop/Projects/AVR/gsm-module/CMakeFiles/CMakeTmp

Run Build Command:"/usr/bin/gmake" "cmTC_0cdfc/fast"
/usr/bin/gmake -f CMakeFiles/cmTC_0cdfc.dir/build.make CMakeFiles/cmTC_0cdfc.dir/build
gmake[1]: вход в каталог «/home/anton/Desktop/Projects/AVR/gsm-module/CMakeFiles/CMakeTmp»
Building CXX object CMakeFiles/cmTC_0cdfc.dir/CMakeCXXCompilerABI.cpp.o
/usr/bin/g++     -o CMakeFiles/cmTC_0cdfc.dir/CMakeCXXCompilerABI.cpp.o -c /opt/clion-2017.2.3/bin/cmake/share/cmake-3.8/Modules/CMakeCXXCompilerABI.cpp
Linking CXX executable cmTC_0cdfc
/opt/clion-2017.2.3/bin/cmake/bin/cmake -E cmake_link_script CMakeFiles/cmTC_0cdfc.dir/link.txt --verbose=1
/usr/bin/g++      -v CMakeFiles/cmTC_0cdfc.dir/CMakeCXXCompilerABI.cpp.o  -o cmTC_0cdfc 
Using built-in specs.
COLLECT_GCC=/usr/bin/g++
COLLECT_LTO_WRAPPER=/usr/lib64/gcc/x86_64-suse-linux/6/lto-wrapper
Target: x86_64-suse-linux
Configured with: ../configure --prefix=/usr --infodir=/usr/share/info --mandir=/usr/share/man --libdir=/usr/lib64 --libexecdir=/usr/lib64 --enable-languages=c,c++,objc,fortran,obj-c++,java,ada,go --enable-offload-targets=hsa --enable-checking=release --with-gxx-include-dir=/usr/include/c++/6 --enable-ssp --disable-libssp --disable-libvtv --disable-libcc1 --disable-plugin --with-bugurl=http://bugs.opensuse.org/ --with-pkgversion='SUSE Linux' --disable-libgcj --with-slibdir=/lib64 --with-system-zlib --enable-__cxa_atexit --enable-libstdcxx-allocator=new --disable-libstdcxx-pch --with-default-libstdcxx-abi=gcc4-compatible --enable-version-specific-runtime-libs --enable-linker-build-id --enable-linux-futex --enable-gnu-indirect-function --program-suffix=-6 --without-system-libunwind --enable-multilib --with-arch-32=x86-64 --with-tune=generic --build=x86_64-suse-linux --host=x86_64-suse-linux
Thread model: posix
gcc version 6.2.1 20160826 [gcc-6-branch revision 239773] (SUSE Linux) 
COMPILER_PATH=/usr/lib64/gcc/x86_64-suse-linux/6/:/usr/lib64/gcc/x86_64-suse-linux/6/:/usr/lib64/gcc/x86_64-suse-linux/:/usr/lib64/gcc/x86_64-suse-linux/6/:/usr/lib64/gcc/x86_64-suse-linux/:/usr/lib64/gcc/x86_64-suse-linux/6/../../../../x86_64-suse-linux/bin/
LIBRARY_PATH=/usr/lib64/gcc/x86_64-suse-linux/6/:/usr/lib64/gcc/x86_64-suse-linux/6/../../../../lib64/:/lib/../lib64/:/usr/lib/../lib64/:/usr/lib64/gcc/x86_64-suse-linux/6/../../../../x86_64-suse-linux/lib/:/usr/lib64/gcc/x86_64-suse-linux/6/../../../:/lib/:/usr/lib/
COLLECT_GCC_OPTIONS='-v' '-o' 'cmTC_0cdfc' '-shared-libgcc' '-mtune=generic' '-march=x86-64'
 /usr/lib64/gcc/x86_64-suse-linux/6/collect2 -plugin /usr/lib64/gcc/x86_64-suse-linux/6/liblto_plugin.so -plugin-opt=/usr/lib64/gcc/x86_64-suse-linux/6/lto-wrapper -plugin-opt=-fresolution=/tmp/cctAFo9N.res -plugin-opt=-pass-through=-lgcc_s -plugin-opt=-pass-through=-lgcc -plugin-opt=-pass-through=-lc -plugin-opt=-pass-through=-lgcc_s -plugin-opt=-pass-through=-lgcc --build-id --eh-frame-hdr -m elf_x86_64 -dynamic-linker /lib64/ld-linux-x86-64.so.2 -o cmTC_0cdfc /usr/lib64/gcc/x86_64-suse-linux/6/../../../../lib64/crt1.o /usr/lib64/gcc/x86_64-suse-linux/6/../../../../lib64/crti.o /usr/lib64/gcc/x86_64-suse-linux/6/crtbegin.o -L/usr/lib64/gcc/x86_64-suse-linux/6 -L/usr/lib64/gcc/x86_64-suse-linux/6/../../../../lib64 -L/lib/../lib64 -L/usr/lib/../lib64 -L/usr/lib64/gcc/x86_64-suse-linux/6/../../../../x86_64-suse-linux/lib -L/usr/lib64/gcc/x86_64-suse-linux/6/../../.. CMakeFiles/cmTC_0cdfc.dir/CMakeCXXCompilerABI.cpp.o -lstdc++ -lm -lgcc_s -lgcc -lc -lgcc_s -lgcc /usr/lib64/gcc/x86_64-suse-linux/6/crtend.o /usr/lib64/gcc/x86_64-suse-linux/6/../../../../lib64/crtn.o
COLLECT_GCC_OPTIONS='-v' '-o' 'cmTC_0cdfc' '-shared-libgcc' '-mtune=generic' '-march=x86-64'
gmake[1]: выход из каталога «/home/anton/Desktop/Projects/AVR/gsm-module/CMakeFiles/CMakeTmp»


Parsed CXX implicit link information from above output:
  link line regex: [^( *|.*[/\])(ld|([^/\]+-)?ld|collect2)[^/\]*( |$)]
  ignore line: [Change Dir: /home/anton/Desktop/Projects/AVR/gsm-module/CMakeFiles/CMakeTmp]
  ignore line: []
  ignore line: [Run Build Command:"/usr/bin/gmake" "cmTC_0cdfc/fast"]
  ignore line: [/usr/bin/gmake -f CMakeFiles/cmTC_0cdfc.dir/build.make CMakeFiles/cmTC_0cdfc.dir/build]
  ignore line: [gmake[1]: вход в каталог «/home/anton/Desktop/Projects/AVR/gsm-module/CMakeFiles/CMakeTmp»]
  ignore line: [Building CXX object CMakeFiles/cmTC_0cdfc.dir/CMakeCXXCompilerABI.cpp.o]
  ignore line: [/usr/bin/g++     -o CMakeFiles/cmTC_0cdfc.dir/CMakeCXXCompilerABI.cpp.o -c /opt/clion-2017.2.3/bin/cmake/share/cmake-3.8/Modules/CMakeCXXCompilerABI.cpp]
  ignore line: [Linking CXX executable cmTC_0cdfc]
  ignore line: [/opt/clion-2017.2.3/bin/cmake/bin/cmake -E cmake_link_script CMakeFiles/cmTC_0cdfc.dir/link.txt --verbose=1]
  ignore line: [/usr/bin/g++      -v CMakeFiles/cmTC_0cdfc.dir/CMakeCXXCompilerABI.cpp.o  -o cmTC_0cdfc ]
  ignore line: [Using built-in specs.]
  ignore line: [COLLECT_GCC=/usr/bin/g++]
  ignore line: [COLLECT_LTO_WRAPPER=/usr/lib64/gcc/x86_64-suse-linux/6/lto-wrapper]
  ignore line: [Target: x86_64-suse-linux]
  ignore line: [Configured with: ../configure --prefix=/usr --infodir=/usr/share/info --mandir=/usr/share/man --libdir=/usr/lib64 --libexecdir=/usr/lib64 --enable-languages=c,c++,objc,fortran,obj-c++,java,ada,go --enable-offload-targets=hsa --enable-checking=release --with-gxx-include-dir=/usr/include/c++/6 --enable-ssp --disable-libssp --disable-libvtv --disable-libcc1 --disable-plugin --with-bugurl=http://bugs.opensuse.org/ --with-pkgversion='SUSE Linux' --disable-libgcj --with-slibdir=/lib64 --with-system-zlib --enable-__cxa_atexit --enable-libstdcxx-allocator=new --disable-libstdcxx-pch --with-default-libstdcxx-abi=gcc4-compatible --enable-version-specific-runtime-libs --enable-linker-build-id --enable-linux-futex --enable-gnu-indirect-function --program-suffix=-6 --without-system-libunwind --enable-multilib --with-arch-32=x86-64 --with-tune=generic --build=x86_64-suse-linux --host=x86_64-suse-linux]
  ignore line: [Thread model: posix]
  ignore line: [gcc version 6.2.1 20160826 [gcc-6-branch revision 239773] (SUSE Linux) ]
  ignore line: [COMPILER_PATH=/usr/lib64/gcc/x86_64-suse-linux/6/:/usr/lib64/gcc/x86_64-suse-linux/6/:/usr/lib64/gcc/x86_64-suse-linux/:/usr/lib64/gcc/x86_64-suse-linux/6/:/usr/lib64/gcc/x86_64-suse-linux/:/usr/lib64/gcc/x86_64-suse-linux/6/../../../../x86_64-suse-linux/bin/]
  ignore line: [LIBRARY_PATH=/usr/lib64/gcc/x86_64-suse-linux/6/:/usr/lib64/gcc/x86_64-suse-linux/6/../../../../lib64/:/lib/../lib64/:/usr/lib/../lib64/:/usr/lib64/gcc/x86_64-suse-linux/6/../../../../x86_64-suse-linux/lib/:/usr/lib64/gcc/x86_64-suse-linux/6/../../../:/lib/:/usr/lib/]
  ignore line: [COLLECT_GCC_OPTIONS='-v' '-o' 'cmTC_0cdfc' '-shared-libgcc' '-mtune=generic' '-march=x86-64']
  link line: [ /usr/lib64/gcc/x86_64-suse-linux/6/collect2 -plugin /usr/lib64/gcc/x86_64-suse-linux/6/liblto_plugin.so -plugin-opt=/usr/lib64/gcc/x86_64-suse-linux/6/lto-wrapper -plugin-opt=-fresolution=/tmp/cctAFo9N.res -plugin-opt=-pass-through=-lgcc_s -plugin-opt=-pass-through=-lgcc -plugin-opt=-pass-through=-lc -plugin-opt=-pass-through=-lgcc_s -plugin-opt=-pass-through=-lgcc --build-id --eh-frame-hdr -m elf_x86_64 -dynamic-linker /lib64/ld-linux-x86-64.so.2 -o cmTC_0cdfc /usr/lib64/gcc/x86_64-suse-linux/6/../../../../lib64/crt1.o /usr/lib64/gcc/x86_64-suse-linux/6/../../../../lib64/crti.o /usr/lib64/gcc/x86_64-suse-linux/6/crtbegin.o -L/usr/lib64/gcc/x86_64-suse-linux/6 -L/usr/lib64/gcc/x86_64-suse-linux/6/../../../../lib64 -L/lib/../lib64 -L/usr/lib/../lib64 -L/usr/lib64/gcc/x86_64-suse-linux/6/../../../../x86_64-suse-linux/lib -L/usr/lib64/gcc/x86_64-suse-linux/6/../../.. CMakeFiles/cmTC_0cdfc.dir/CMakeCXXCompilerABI.cpp.o -lstdc++ -lm -lgcc_s -lgcc -lc -lgcc_s -lgcc /usr/lib64/gcc/x86_64-suse-linux/6/crtend.o /usr/lib64/gcc/x86_64-suse-linux/6/../../../../lib64/crtn.o]
    arg [/usr/lib64/gcc/x86_64-suse-linux/6/collect2] ==> ignore
    arg [-plugin] ==> ignore
    arg [/usr/lib64/gcc/x86_64-suse-linux/6/liblto_plugin.so] ==> ignore
    arg [-plugin-opt=/usr/lib64/gcc/x86_64-suse-linux/6/lto-wrapper] ==> ignore
    arg [-plugin-opt=-fresolution=/tmp/cctAFo9N.res] ==> ignore
    arg [-plugin-opt=-pass-through=-lgcc_s] ==> ignore
    arg [-plugin-opt=-pass-through=-lgcc] ==> ignore
    arg [-plugin-opt=-pass-through=-lc] ==> ignore
    arg [-plugin-opt=-pass-through=-lgcc_s] ==> ignore
    arg [-plugin-opt=-pass-through=-lgcc] ==> ignore
    arg [--build-id] ==> ignore
    arg [--eh-frame-hdr] ==> ignore
    arg [-m] ==> ignore
    arg [elf_x86_64] ==> ignore
    arg [-dynamic-linker] ==> ignore
    arg [/lib64/ld-linux-x86-64.so.2] ==> ignore
    arg [-o] ==> ignore
    arg [cmTC_0cdfc] ==> ignore
    arg [/usr/lib64/gcc/x86_64-suse-linux/6/../../../../lib64/crt1.o] ==> ignore
    arg [/usr/lib64/gcc/x86_64-suse-linux/6/../../../../lib64/crti.o] ==> ignore
    arg [/usr/lib64/gcc/x86_64-suse-linux/6/crtbegin.o] ==> ignore
    arg [-L/usr/lib64/gcc/x86_64-suse-linux/6] ==> dir [/usr/lib64/gcc/x86_64-suse-linux/6]
    arg [-L/usr/lib64/gcc/x86_64-suse-linux/6/../../../../lib64] ==> dir [/usr/lib64/gcc/x86_64-suse-linux/6/../../../../lib64]
    arg [-L/lib/../lib64] ==> dir [/lib/../lib64]
    arg [-L/usr/lib/../lib64] ==> dir [/usr/lib/../lib64]
    arg [-L/usr/lib64/gcc/x86_64-suse-linux/6/../../../../x86_64-suse-linux/lib] ==> dir [/usr/lib64/gcc/x86_64-suse-linux/6/../../../../x86_64-suse-linux/lib]
    arg [-L/usr/lib64/gcc/x86_64-suse-linux/6/../../..] ==> dir [/usr/lib64/gcc/x86_64-suse-linux/6/../../..]
    arg [CMakeFiles/cmTC_0cdfc.dir/CMakeCXXCompilerABI.cpp.o] ==> ignore
    arg [-lstdc++] ==> lib [stdc++]
    arg [-lm] ==> lib [m]
    arg [-lgcc_s] ==> lib [gcc_s]
    arg [-lgcc] ==> lib [gcc]
    arg [-lc] ==> lib [c]
    arg [-lgcc_s] ==> lib [gcc_s]
    arg [-lgcc] ==> lib [gcc]
    arg [/usr/lib64/gcc/x86_64-suse-linux/6/crtend.o] ==> ignore
    arg [/usr/lib64/gcc/x86_64-suse-linux/6/../../../../lib64/crtn.o] ==> ignore
  remove lib [gcc_s]
  remove lib [gcc]
  remove lib [gcc_s]
  remove lib [gcc]
  collapse library dir [/usr/lib64/gcc/x86_64-suse-linux/6] ==> [/usr/lib64/gcc/x86_64-suse-linux/6]
  collapse library dir [/usr/lib64/gcc/x86_64-suse-linux/6/../../../../lib64] ==> [/usr/lib64]
  collapse library dir [/lib/../lib64] ==> [/lib64]
  collapse library dir [/usr/lib/../lib64] ==> [/usr/lib64]
  collapse library dir [/usr/lib64/gcc/x86_64-suse-linux/6/../../../../x86_64-suse-linux/lib] ==> [/usr/x86_64-suse-linux/lib]
  collapse library dir [/usr/lib64/gcc/x86_64-suse-linux/6/../../..] ==> [/usr/lib64]
  implicit libs: [stdc++;m;c]
  implicit dirs: [/usr/lib64/gcc/x86_64-suse-linux/6;/usr/lib64;/lib64;/usr/x86_64-suse-linux/lib]
  implicit fwks: []




Detecting CXX [-std=c++1z] compiler features compiled with the following output:
Change Dir: /home/anton/Desktop/Projects/AVR/gsm-module/CMakeFiles/CMakeTmp

Run Build Command:"/usr/bin/gmake" "cmTC_21763/fast"
/usr/bin/gmake -f CMakeFiles/cmTC_21763.dir/build.make CMakeFiles/cmTC_21763.dir/build
gmake[1]: вход в каталог «/home/anton/Desktop/Projects/AVR/gsm-module/CMakeFiles/CMakeTmp»
Building CXX object CMakeFiles/cmTC_21763.dir/feature_tests.cxx.o
/usr/bin/g++    -std=c++1z -o CMakeFiles/cmTC_21763.dir/feature_tests.cxx.o -c /home/anton/Desktop/Projects/AVR/gsm-module/CMakeFiles/feature_tests.cxx
Linking CXX executable cmTC_21763
/opt/clion-2017.2.3/bin/cmake/bin/cmake -E cmake_link_script CMakeFiles/cmTC_21763.dir/link.txt --verbose=1
/usr/bin/g++       CMakeFiles/cmTC_21763.dir/feature_tests.cxx.o  -o cmTC_21763 
gmake[1]: выход из каталога «/home/anton/Desktop/Projects/AVR/gsm-module/CMakeFiles/CMakeTmp»


    Feature record: CXX_FEATURE:1cxx_aggregate_default_initializers
    Feature record: CXX_FEATURE:1cxx_alias_templates
    Feature record: CXX_FEATURE:1cxx_alignas
    Feature record: CXX_FEATURE:1cxx_alignof
    Feature record: CXX_FEATURE:1cxx_attributes
    Feature record: CXX_FEATURE:1cxx_attribute_deprecated
    Feature record: CXX_FEATURE:1cxx_auto_type
    Feature record: CXX_FEATURE:1cxx_binary_literals
    Feature record: CXX_FEATURE:1cxx_constexpr
    Feature record: CXX_FEATURE:1cxx_contextual_conversions
    Feature record: CXX_FEATURE:1cxx_decltype
    Feature record: CXX_FEATURE:1cxx_decltype_auto
    Feature record: CXX_FEATURE:1cxx_decltype_incomplete_return_types
    Feature record: CXX_FEATURE:1cxx_default_function_template_args
    Feature record: CXX_FEATURE:1cxx_defaulted_functions
    Feature record: CXX_FEATURE:1cxx_defaulted_move_initializers
    Feature record: CXX_FEATURE:1cxx_delegating_constructors
    Feature record: CXX_FEATURE:1cxx_deleted_functions
    Feature record: CXX_FEATURE:1cxx_digit_separators
    Feature record: CXX_FEATURE:1cxx_enum_forward_declarations
    Feature record: CXX_FEATURE:1cxx_explicit_conversions
    Feature record: CXX_FEATURE:1cxx_extended_friend_declarations
    Feature record: CXX_FEATURE:1cxx_extern_templates
    Feature record: CXX_FEATURE:1cxx_final
    Feature record: CXX_FEATURE:1cxx_func_identifier
    Feature record: CXX_FEATURE:1cxx_generalized_initializers
    Feature record: CXX_FEATURE:1cxx_generic_lambdas
    Feature record: CXX_FEATURE:1cxx_inheriting_constructors
    Feature record: CXX_FEATURE:1cxx_inline_namespaces
    Feature record: CXX_FEATURE:1cxx_lambdas
    Feature record: CXX_FEATURE:1cxx_lambda_init_captures
    Feature record: CXX_FEATURE:1cxx_local_type_template_args
    Feature record: CXX_FEATURE:1cxx_long_long_type
    Feature record: CXX_FEATURE:1cxx_noexcept
    Feature record: CXX_FEATURE:1cxx_nonstatic_member_init
    Feature record: CXX_FEATURE:1cxx_nullptr
    Feature record: CXX_FEATURE:1cxx_override
    Feature record: CXX_FEATURE:1cxx_range_for
    Feature record: CXX_FEATURE:1cxx_raw_string_literals
    Feature record: CXX_FEATURE:1cxx_reference_qualified_functions
    Feature record: CXX_FEATURE:1cxx_relaxed_constexpr
    Feature record: CXX_FEATURE:1cxx_return_type_deduction
    Feature record: CXX_FEATURE:1cxx_right_angle_brackets
    Feature record: CXX_FEATURE:1cxx_rvalue_references
    Feature record: CXX_FEATURE:1cxx_sizeof_member
    Feature record: CXX_FEATURE:1cxx_static_assert
    Feature record: CXX_FEATURE:1cxx_strong_enums
    Feature record: CXX_FEATURE:1cxx_template_template_parameters
    Feature record: CXX_FEATURE:1cxx_thread_local
    Feature record: CXX_FEATURE:1cxx_trailing_return_types
    Feature record: CXX_FEATURE:1cxx_unicode_literals
    Feature record: CXX_FEATURE:1cxx_uniform_initialization
    Feature record: CXX_FEATURE:1cxx_unrestricted_unions
    Feature record: CXX_FEATURE:1cxx_user_literals
    Feature record: CXX_FEATURE:1cxx_variable_templates
    Feature record: CXX_FEATURE:1cxx_variadic_macros
    Feature record: CXX_FEATURE:1cxx_variadic_templates


Detecting CXX [-std=c++14] compiler features compiled with the following output:
Change Dir: /home/anton/Desktop/Projects/AVR/gsm-module/CMakeFiles/CMakeTmp

Run Build Command:"/usr/bin/gmake" "cmTC_39001/fast"
/usr/bin/gmake -f CMakeFiles/cmTC_39001.dir/build.make CMakeFiles/cmTC_39001.dir/build
gmake[1]: вход в каталог «/home/anton/Desktop/Projects/AVR/gsm-module/CMakeFiles/CMakeTmp»
Building CXX object CMakeFiles/cmTC_39001.dir/feature_tests.cxx.o
/usr/bin/g++    -std=c++14 -o CMakeFiles/cmTC_39001.dir/feature_tests.cxx.o -c /home/anton/Desktop/Projects/AVR/gsm-module/CMakeFiles/feature_tests.cxx
Linking CXX executable cmTC_39001
/opt/clion-2017.2.3/bin/cmake/bin/cmake -E cmake_link_script CMakeFiles/cmTC_39001.dir/link.txt --verbose=1
/usr/bin/g++       CMakeFiles/cmTC_39001.dir/feature_tests.cxx.o  -o cmTC_39001 
gmake[1]: выход из каталога «/home/anton/Desktop/Projects/AVR/gsm-module/CMakeFiles/CMakeTmp»


    Feature record: CXX_FEATURE:1cxx_aggregate_default_initializers
    Feature record: CXX_FEATURE:1cxx_alias_templates
    Feature record: CXX_FEATURE:1cxx_alignas
    Feature record: CXX_FEATURE:1cxx_alignof
    Feature record: CXX_FEATURE:1cxx_attributes
    Feature record: CXX_FEATURE:1cxx_attribute_deprecated
    Feature record: CXX_FEATURE:1cxx_auto_type
    Feature record: CXX_FEATURE:1cxx_binary_literals
    Feature record: CXX_FEATURE:1cxx_constexpr
    Feature record: CXX_FEATURE:1cxx_contextual_conversions
    Feature record: CXX_FEATURE:1cxx_decltype
    Feature record: CXX_FEATURE:1cxx_decltype_auto
    Feature record: CXX_FEATURE:1cxx_decltype_incomplete_return_types
    Feature record: CXX_FEATURE:1cxx_default_function_template_args
    Feature record: CXX_FEATURE:1cxx_defaulted_functions
    Feature record: CXX_FEATURE:1cxx_defaulted_move_initializers
    Feature record: CXX_FEATURE:1cxx_delegating_constructors
    Feature record: CXX_FEATURE:1cxx_deleted_functions
    Feature record: CXX_FEATURE:1cxx_digit_separators
    Feature record: CXX_FEATURE:1cxx_enum_forward_declarations
    Feature record: CXX_FEATURE:1cxx_explicit_conversions
    Feature record: CXX_FEATURE:1cxx_extended_friend_declarations
    Feature record: CXX_FEATURE:1cxx_extern_templates
    Feature record: CXX_FEATURE:1cxx_final
    Feature record: CXX_FEATURE:1cxx_func_identifier
    Feature record: CXX_FEATURE:1cxx_generalized_initializers
    Feature record: CXX_FEATURE:1cxx_generic_lambdas
    Feature record: CXX_FEATURE:1cxx_inheriting_constructors
    Feature record: CXX_FEATURE:1cxx_inline_namespaces
    Feature record: CXX_FEATURE:1cxx_lambdas
    Feature record: CXX_FEATURE:1cxx_lambda_init_captures
    Feature record: CXX_FEATURE:1cxx_local_type_template_args
    Feature record: CXX_FEATURE:1cxx_long_long_type
    Feature record: CXX_FEATURE:1cxx_noexcept
    Feature record: CXX_FEATURE:1cxx_nonstatic_member_init
    Feature record: CXX_FEATURE:1cxx_nullptr
    Feature record: CXX_FEATURE:1cxx_override
    Feature record: CXX_FEATURE:1cxx_range_for
    Feature record: CXX_FEATURE:1cxx_raw_string_literals
    Feature record: CXX_FEATURE:1cxx_reference_qualified_functions
    Feature record: CXX_FEATURE:1cxx_relaxed_constexpr
    Feature record: CXX_FEATURE:1cxx_return_type_deduction
    Feature record: CXX_FEATURE:1cxx_right_angle_brackets
    Feature record: CXX_FEATURE:1cxx_rvalue_references
    Feature record: CXX_FEATURE:1cxx_sizeof_member
    Feature record: CXX_FEATURE:1cxx_static_assert
    Feature record: CXX_FEATURE:1cxx_strong_enums
    Feature record: CXX_FEATURE:1cxx_template_template_parameters
    Feature record: CXX_FEATURE:1cxx_thread_local
    Feature record: CXX_FEATURE:1cxx_trailing_return_types
    Feature record: CXX_FEATURE:1cxx_unicode_literals
    Feature record: CXX_FEATURE:1cxx_uniform_initialization
    Feature record: CXX_FEATURE:1cxx_unrestricted_unions
    Feature record: CXX_FEATURE:1cxx_user_literals
    Feature record: CXX_FEATURE:1cxx_variable_templates
    Feature record: CXX_FEATURE:1cxx_variadic_macros
    Feature record: CXX_FEATURE:1cxx_variadic_templates


Detecting CXX [-std=c++11] compiler features compiled with the following output:
Change Dir: /home/anton/Desktop/Projects/AVR/gsm-module/CMakeFiles/CMakeTmp

Run Build Command:"/usr/bin/gmake" "cmTC_78217/fast"
/usr/bin/gmake -f CMakeFiles/cmTC_78217.dir/build.make CMakeFiles/cmTC_78217.dir/build
gmake[1]: вход в каталог «/home/anton/Desktop/Projects/AVR/gsm-module/CMakeFiles/CMakeTmp»
Building CXX object CMakeFiles/cmTC_78217.dir/feature_tests.cxx.o
/usr/bin/g++    -std=c++11 -o CMakeFiles/cmTC_78217.dir/feature_tests.cxx.o -c /home/anton/Desktop/Projects/AVR/gsm-module/CMakeFiles/feature_tests.cxx
Linking CXX executable cmTC_78217
/opt/clion-2017.2.3/bin/cmake/bin/cmake -E cmake_link_script CMakeFiles/cmTC_78217.dir/link.txt --verbose=1
/usr/bin/g++       CMakeFiles/cmTC_78217.dir/feature_tests.cxx.o  -o cmTC_78217 
gmake[1]: выход из каталога «/home/anton/Desktop/Projects/AVR/gsm-module/CMakeFiles/CMakeTmp»


    Feature record: CXX_FEATURE:0cxx_aggregate_default_initializers
    Feature record: CXX_FEATURE:1cxx_alias_templates
    Feature record: CXX_FEATURE:1cxx_alignas
    Feature record: CXX_FEATURE:1cxx_alignof
    Feature record: CXX_FEATURE:1cxx_attributes
    Feature record: CXX_FEATURE:0cxx_attribute_deprecated
    Feature record: CXX_FEATURE:1cxx_auto_type
    Feature record: CXX_FEATURE:0cxx_binary_literals
    Feature record: CXX_FEATURE:1cxx_constexpr
    Feature record: CXX_FEATURE:0cxx_contextual_conversions
    Feature record: CXX_FEATURE:1cxx_decltype
    Feature record: CXX_FEATURE:0cxx_decltype_auto
    Feature record: CXX_FEATURE:1cxx_decltype_incomplete_return_types
    Feature record: CXX_FEATURE:1cxx_default_function_template_args
    Feature record: CXX_FEATURE:1cxx_defaulted_functions
    Feature record: CXX_FEATURE:1cxx_defaulted_move_initializers
    Feature record: CXX_FEATURE:1cxx_delegating_constructors
    Feature record: CXX_FEATURE:1cxx_deleted_functions
    Feature record: CXX_FEATURE:0cxx_digit_separators
    Feature record: CXX_FEATURE:1cxx_enum_forward_declarations
    Feature record: CXX_FEATURE:1cxx_explicit_conversions
    Feature record: CXX_FEATURE:1cxx_extended_friend_declarations
    Feature record: CXX_FEATURE:1cxx_extern_templates
    Feature record: CXX_FEATURE:1cxx_final
    Feature record: CXX_FEATURE:1cxx_func_identifier
    Feature record: CXX_FEATURE:1cxx_generalized_initializers
    Feature record: CXX_FEATURE:0cxx_generic_lambdas
    Feature record: CXX_FEATURE:1cxx_inheriting_constructors
    Feature record: CXX_FEATURE:1cxx_inline_namespaces
    Feature record: CXX_FEATURE:1cxx_lambdas
    Feature record: CXX_FEATURE:0cxx_lambda_init_captures
    Feature record: CXX_FEATURE:1cxx_local_type_template_args
    Feature record: CXX_FEATURE:1cxx_long_long_type
    Feature record: CXX_FEATURE:1cxx_noexcept
    Feature record: CXX_FEATURE:1cxx_nonstatic_member_init
    Feature record: CXX_FEATURE:1cxx_nullptr
    Feature record: CXX_FEATURE:1cxx_override
    Feature record: CXX_FEATURE:1cxx_range_for
    Feature record: CXX_FEATURE:1cxx_raw_string_literals
    Feature record: CXX_FEATURE:1cxx_reference_qualified_functions
    Feature record: CXX_FEATURE:0cxx_relaxed_constexpr
    Feature record: CXX_FEATURE:0cxx_return_type_deduction
    Feature record: CXX_FEATURE:1cxx_right_angle_brackets
    Feature record: CXX_FEATURE:1cxx_rvalue_references
    Feature record: CXX_FEATURE:1cxx_sizeof_member
    Feature record: CXX_FEATURE:1cxx_static_assert
    Feature record: CXX_FEATURE:1cxx_strong_enums
    Feature record: CXX_FEATURE:1cxx_template_template_parameters
    Feature record: CXX_FEATURE:1cxx_thread_local
    Feature record: CXX_FEATURE:1cxx_trailing_return_types
    Feature record: CXX_FEATURE:1cxx_unicode_literals
    Feature record: CXX_FEATURE:1cxx_uniform_initialization
    Feature record: CXX_FEATURE:1cxx_unrestricted_unions
    Feature record: CXX_FEATURE:1cxx_user_literals
    Feature record: CXX_FEATURE:0cxx_variable_templates
    Feature record: CXX_FEATURE:1cxx_variadic_macros
    Feature record: CXX_FEATURE:1cxx_variadic_templates


Detecting CXX [-std=c++98] compiler features compiled with the following output:
Change Dir: /home/anton/Desktop/Projects/AVR/gsm-module/CMakeFiles/CMakeTmp

Run Build Command:"/usr/bin/gmake" "cmTC_f7a6d/fast"
/usr/bin/gmake -f CMakeFiles/cmTC_f7a6d.dir/build.make CMakeFiles/cmTC_f7a6d.dir/build
gmake[1]: вход в каталог «/home/anton/Desktop/Projects/AVR/gsm-module/CMakeFiles/CMakeTmp»
Building CXX object CMakeFiles/cmTC_f7a6d.dir/feature_tests.cxx.o
/usr/bin/g++    -std=c++98 -o CMakeFiles/cmTC_f7a6d.dir/feature_tests.cxx.o -c /home/anton/Desktop/Projects/AVR/gsm-module/CMakeFiles/feature_tests.cxx
Linking CXX executable cmTC_f7a6d
/opt/clion-2017.2.3/bin/cmake/bin/cmake -E cmake_link_script CMakeFiles/cmTC_f7a6d.dir/link.txt --verbose=1
/usr/bin/g++       CMakeFiles/cmTC_f7a6d.dir/feature_tests.cxx.o  -o cmTC_f7a6d 
gmake[1]: выход из каталога «/home/anton/Desktop/Projects/AVR/gsm-module/CMakeFiles/CMakeTmp»


    Feature record: CXX_FEATURE:0cxx_aggregate_default_initializers
    Feature record: CXX_FEATURE:0cxx_alias_templates
    Feature record: CXX_FEATURE:0cxx_alignas
    Feature record: CXX_FEATURE:0cxx_alignof
    Feature record: CXX_FEATURE:0cxx_attributes
    Feature record: CXX_FEATURE:0cxx_attribute_deprecated
    Feature record: CXX_FEATURE:0cxx_auto_type
    Feature record: CXX_FEATURE:0cxx_binary_literals
    Feature record: CXX_FEATURE:0cxx_constexpr
    Feature record: CXX_FEATURE:0cxx_contextual_conversions
    Feature record: CXX_FEATURE:0cxx_decltype
    Feature record: CXX_FEATURE:0cxx_decltype_auto
    Feature record: CXX_FEATURE:0cxx_decltype_incomplete_return_types
    Feature record: CXX_FEATURE:0cxx_default_function_template_args
    Feature record: CXX_FEATURE:0cxx_defaulted_functions
    Feature record: CXX_FEATURE:0cxx_defaulted_move_initializers
    Feature record: CXX_FEATURE:0cxx_delegating_constructors
    Feature record: CXX_FEATURE:0cxx_deleted_functions
    Feature record: CXX_FEATURE:0cxx_digit_separators
    Feature record: CXX_FEATURE:0cxx_enum_forward_declarations
    Feature record: CXX_FEATURE:0cxx_explicit_conversions
    Feature record: CXX_FEATURE:0cxx_extended_friend_declarations
    Feature record: CXX_FEATURE:0cxx_extern_templates
    Feature record: CXX_FEATURE:0cxx_final
    Feature record: CXX_FEATURE:0cxx_func_identifier
    Feature record: CXX_FEATURE:0cxx_generalized_initializers
    Feature record: CXX_FEATURE:0cxx_generic_lambdas
    Feature record: CXX_FEATURE:0cxx_inheriting_constructors
    Feature record: CXX_FEATURE:0cxx_inline_namespaces
    Feature record: CXX_FEATURE:0cxx_lambdas
    Feature record: CXX_FEATURE:0cxx_lambda_init_captures
    Feature record: CXX_FEATURE:0cxx_local_type_template_args
    Feature record: CXX_FEATURE:0cxx_long_long_type
    Feature record: CXX_FEATURE:0cxx_noexcept
    Feature record: CXX_FEATURE:0cxx_nonstatic_member_init
    Feature record: CXX_FEATURE:0cxx_nullptr
    Feature record: CXX_FEATURE:0cxx_override
    Feature record: CXX_FEATURE:0cxx_range_for
    Feature record: CXX_FEATURE:0cxx_raw_string_literals
    Feature record: CXX_FEATURE:0cxx_reference_qualified_functions
    Feature record: CXX_FEATURE:0cxx_relaxed_constexpr
    Feature record: CXX_FEATURE:0cxx_return_type_deduction
    Feature record: CXX_FEATURE:0cxx_right_angle_brackets
    Feature record: CXX_FEATURE:0cxx_rvalue_references
    Feature record: CXX_FEATURE:0cxx_sizeof_member
    Feature record: CXX_FEATURE:0cxx_static_assert
    Feature record: CXX_FEATURE:0cxx_strong_enums
    Feature record: CXX_FEATURE:1cxx_template_template_parameters
    Feature record: CXX_FEATURE:0cxx_thread_local
    Feature record: CXX_FEATURE:0cxx_trailing_return_types
    Feature record: CXX_FEATURE:0cxx_unicode_literals
    Feature record: CXX_FEATURE:0cxx_uniform_initialization
    Feature record: CXX_FEATURE:0cxx_unrestricted_unions
    Feature record: CXX_FEATURE:0cxx_user_literals
    Feature record: CXX_FEATURE:0cxx_variable_templates
    Feature record: CXX_FEATURE:0cxx_variadic_macros
    Feature record: CXX_FEATURE:0cxx_variadic_templates
The system is: Linux - 4.4.103-18.41-default - x86_64
Compiling the C compiler identification source file "CMakeCCompilerId.c" succeeded.
Compiler: /usr/bin/gcc 
Build flags: 
Id flags: 

The output was:
0


Compilation of the C compiler identification source "CMakeCCompilerId.c" produced "a.out"

The C compiler identification is GNU, found in "/home/anton/Desktop/Projects/AVR/gsm-module/CMakeFiles/3.5.2/CompilerIdC/a.out"

Compiling the CXX compiler identification source file "CMakeCXXCompilerId.cpp" succeeded.
Compiler: /usr/bin/g++ 
Build flags: 
Id flags: 

The output was:
0


Compilation of the CXX compiler identification source "CMakeCXXCompilerId.cpp" produced "a.out"

The CXX compiler identification is GNU, found in "/home/anton/Desktop/Projects/AVR/gsm-module/CMakeFiles/3.5.2/CompilerIdCXX/a.out"

Determining if the C compiler works passed with the following output:
Change Dir: /home/anton/Desktop/Projects/AVR/gsm-module/CMakeFiles/CMakeTmp

Run Build Command:"/usr/bin/gmake" "cmTC_92878/fast"
/usr/bin/gmake -f CMakeFiles/cmTC_92878.dir/build.make CMakeFiles/cmTC_92878.dir/build
gmake[1]: вход в каталог «/home/anton/Desktop/Projects/AVR/gsm-module/CMakeFiles/CMakeTmp»
Building C object CMakeFiles/cmTC_92878.dir/testCCompiler.c.o
/usr/bin/gcc     -o CMakeFiles/cmTC_92878.dir/testCCompiler.c.o   -c /home/anton/Desktop/Projects/AVR/gsm-module/CMakeFiles/CMakeTmp/testCCompiler.c
Linking C executable cmTC_92878
/usr/bin/cmake -E cmake_link_script CMakeFiles/cmTC_92878.dir/link.txt --verbose=1
/usr/bin/gcc       CMakeFiles/cmTC_92878.dir/testCCompiler.c.o  -o cmTC_92878 
gmake[1]: выход из каталога «/home/anton/Desktop/Projects/AVR/gsm-module/CMakeFiles/CMakeTmp»


Detecting C compiler ABI info compiled with the following output:
Change Dir: /home/anton/Desktop/Projects/AVR/gsm-module/CMakeFiles/CMakeTmp

Run Build Command:"/usr/bin/gmake" "cmTC_b23e5/fast"
/usr/bin/gmake -f CMakeFiles/cmTC_b23e5.dir/build.make CMakeFiles/cmTC_b23e5.dir/build
gmake[1]: вход в каталог «/home/anton/Desktop/Projects/AVR/gsm-module/CMakeFiles/CMakeTmp»
Building C object CMakeFiles/cmTC_b23e5.dir/CMakeCCompilerABI.c.o
/usr/bin/gcc     -o CMakeFiles/cmTC_b23e5.dir/CMakeCCompilerABI.c.o   -c /usr/share/cmake/Modules/CMakeCCompilerABI.c
Linking C executable cmTC_b23e5
/usr/bin/cmake -E cmake_link_script CMakeFiles/cmTC_b23e5.dir/link.txt --verbose=1
/usr/bin/gcc      -v CMakeFiles/cmTC_b23e5.dir/CMakeCCompilerABI.c.o  -o cmTC_b23e5  
Using built-in specs.
COLLECT_GCC=/usr/bin/gcc
COLLECT_LTO_WRAPPER=/usr/lib64/gcc/x86_64-suse-linux/6/lto-wrapper
Target: x86_64-suse-linux
Configured with: ../configure --prefix=/usr --infodir=/usr/share/info --mandir=/usr/share/man --libdir=/usr/lib64 --libexecdir=/usr/lib64 --enable-languages=c,c++,objc,fortran,obj-c++,java,ada,go --enable-offload-targets=hsa --enable-checking=release --with-gxx-include-dir=/usr/include/c++/6 --enable-ssp --disable-libssp --disable-libvtv --disable-libcc1 --disable-plugin --with-bugurl=http://bugs.opensuse.org/ --with-pkgversion='SUSE Linux' --disable-libgcj --with-slibdir=/lib64 --with-system-zlib --enable-__cxa_atexit --enable-libstdcxx-allocator=new --disable-libstdcxx-pch --with-default-libstdcxx-abi=gcc4-compatible --enable-version-specific-runtime-libs --enable-linker-build-id --enable-linux-futex --enable-gnu-indirect-function --program-suffix=-6 --without-system-libunwind --enable-multilib --with-arch-32=x86-64 --with-tune=generic --build=x86_64-suse-linux --host=x86_64-suse-linux
Thread model: posix
gcc version 6.2.1 20160826 [gcc-6-branch revision 239773] (SUSE Linux) 
COMPILER_PATH=/usr/lib64/gcc/x86_64-suse-linux/6/:/usr/lib64/gcc/x86_64-suse-linux/6/:/usr/lib64/gcc/x86_64-suse-linux/:/usr/lib64/gcc/x86_64-suse-linux/6/:/usr/lib64/gcc/x86_64-suse-linux/:/usr/lib64/gcc/x86_64-suse-linux/6/../../../../x86_64-suse-linux/bin/
LIBRARY_PATH=/usr/lib64/gcc/x86_64-suse-linux/6/:/usr/lib64/gcc/x86_64-suse-linux/6/../../../../lib64/:/lib/../lib64/:/usr/lib/../lib64/:/usr/lib64/gcc/x86_64-suse-linux/6/../../../../x86_64-suse-linux/lib/:/usr/lib64/gcc/x86_64-suse-linux/6/../../../:/lib/:/usr/lib/
COLLECT_GCC_OPTIONS='-v' '-o' 'cmTC_b23e5' '-mtune=generic' '-march=x86-64'
 /usr/lib64/gcc/x86_64-suse-linux/6/collect2 -plugin /usr/lib64/gcc/x86_64-suse-linux/6/liblto_plugin.so -plugin-opt=/usr/lib64/gcc/x86_64-suse-linux/6/lto-wrapper -plugin-opt=-fresolution=/tmp/cce8K1Vj.res -plugin-opt=-pass-through=-lgcc -plugin-opt=-pass-through=-lgcc_s -plugin-opt=-pass-through=-lc -plugin-opt=-pass-through=-lgcc -plugin-opt=-pass-through=-lgcc_s --build-id --eh-frame-hdr -m elf_x86_64 -dynamic-linker /lib64/ld-linux-x86-64.so.2 -o cmTC_b23e5 /usr/lib64/gcc/x86_64-suse-linux/6/../../../../lib64/crt1.o /usr/lib64/gcc/x86_64-suse-linux/6/../../../../lib64/crti.o /usr/lib64/gcc/x86_64-suse-linux/6/crtbegin.o -L/usr/lib64/gcc/x86_64-suse-linux/6 -L/usr/lib64/gcc/x86_64-suse-linux/6/../../../../lib64 -L/lib/../lib64 -L/usr/lib/../lib64 -L/usr/lib64/gcc/x86_64-suse-linux/6/../../../../x86_64-suse-linux/lib -L/usr/lib64/gcc/x86_64-suse-linux/6/../../.. CMakeFiles/cmTC_b23e5.dir/CMakeCCompilerABI.c.o -lgcc --as-needed -lgcc_s --no-as-needed -lc -lgcc --as-needed -lgcc_s --no-as-needed /usr/lib64/gcc/x86_64-suse-linux/6/crtend.o /usr/lib64/gcc/x86_64-suse-linux/6/../../../../lib64/crtn.o
COLLECT_GCC_OPTIONS='-v' '-o' 'cmTC_b23e5' '-mtune=generic' '-march=x86-64'
gmake[1]: выход из каталога «/home/anton/Desktop/Projects/AVR/gsm-module/CMakeFiles/CMakeTmp»


Parsed C implicit link information from above output:
  link line regex: [^( *|.*[/\])(ld|([^/\]+-)?ld|collect2)[^/\]*( |$)]
  ignore line: [Change Dir: /home/anton/Desktop/Projects/AVR/gsm-module/CMakeFiles/CMakeTmp]
  ignore line: []
  ignore line: [Run Build Command:"/usr/bin/gmake" "cmTC_b23e5/fast"]
  ignore line: [/usr/bin/gmake -f CMakeFiles/cmTC_b23e5.dir/build.make CMakeFiles/cmTC_b23e5.dir/build]
  ignore line: [gmake[1]: вход в каталог «/home/anton/Desktop/Projects/AVR/gsm-module/CMakeFiles/CMakeTmp»]
  ignore line: [Building C object CMakeFiles/cmTC_b23e5.dir/CMakeCCompilerABI.c.o]
  ignore line: [/usr/bin/gcc     -o CMakeFiles/cmTC_b23e5.dir/CMakeCCompilerABI.c.o   -c /usr/share/cmake/Modules/CMakeCCompilerABI.c]
  ignore line: [Linking C executable cmTC_b23e5]
  ignore line: [/usr/bin/cmake -E cmake_link_script CMakeFiles/cmTC_b23e5.dir/link.txt --verbose=1]
  ignore line: [/usr/bin/gcc      -v CMakeFiles/cmTC_b23e5.dir/CMakeCCompilerABI.c.o  -o cmTC_b23e5  ]
  ignore line: [Using built-in specs.]
  ignore line: [COLLECT_GCC=/usr/bin/gcc]
  ignore line: [COLLECT_LTO_WRAPPER=/usr/lib64/gcc/x86_64-suse-linux/6/lto-wrapper]
  ignore line: [Target: x86_64-suse-linux]
  ignore line: [Configured with: ../configure --prefix=/usr --infodir=/usr/share/info --mandir=/usr/share/man --libdir=/usr/lib64 --libexecdir=/usr/lib64 --enable-languages=c,c++,objc,fortran,obj-c++,java,ada,go --enable-offload-targets=hsa --enable-checking=release --with-gxx-include-dir=/usr/include/c++/6 --enable-ssp --disable-libssp --disable-libvtv --disable-libcc1 --disable-plugin --with-bugurl=http://bugs.opensuse.org/ --with-pkgversion='SUSE Linux' --disable-libgcj --with-slibdir=/lib64 --with-system-zlib --enable-__cxa_atexit --enable-libstdcxx-allocator=new --disable-libstdcxx-pch --with-default-libstdcxx-abi=gcc4-compatible --enable-version-specific-runtime-libs --enable-linker-build-id --enable-linux-futex --enable-gnu-indirect-function --program-suffix=-6 --without-system-libunwind --enable-multilib --with-arch-32=x86-64 --with-tune=generic --build=x86_64-suse-linux --host=x86_64-suse-linux]
  ignore line: [Thread model: posix]
  ignore line: [gcc version 6.2.1 20160826 [gcc-6-branch revision 239773] (SUSE Linux) ]
  ignore line: [COMPILER_PATH=/usr/lib64/gcc/x86_64-suse-linux/6/:/usr/lib64/gcc/x86_64-suse-linux/6/:/usr/lib64/gcc/x86_64-suse-linux/:/usr/lib64/gcc/x86_64-suse-linux/6/:/usr/lib64/gcc/x86_64-suse-linux/:/usr/lib64/gcc/x86_64-suse-linux/6/../../../../x86_64-suse-linux/bin/]
  ignore line: [LIBRARY_PATH=/usr/lib64/gcc/x86_64-suse-linux/6/:/usr/lib64/gcc/x86_64-suse-linux/6/../../../../lib64/:/lib/../lib64/:/usr/lib/../lib64/:/usr/lib64/gcc/x86_64-suse-linux/6/../../../../x86_64-suse-linux/lib/:/usr/lib64/gcc/x86_64-suse-linux/6/../../../:/lib/:/usr/lib/]
  ignore line: [COLLECT_GCC_OPTIONS='-v' '-o' 'cmTC_b23e5' '-mtune=generic' '-march=x86-64']
  link line: [ /usr/lib64/gcc/x86_64-suse-linux/6/collect2 -plugin /usr/lib64/gcc/x86_64-suse-linux/6/liblto_plugin.so -plugin-opt=/usr/lib64/gcc/x86_64-suse-linux/6/lto-wrapper -plugin-opt=-fresolution=/tmp/cce8K1Vj.res -plugin-opt=-pass-through=-lgcc -plugin-opt=-pass-through=-lgcc_s -plugin-opt=-pass-through=-lc -plugin-opt=-pass-through=-lgcc -plugin-opt=-pass-through=-lgcc_s --build-id --eh-frame-hdr -m elf_x86_64 -dynamic-linker /lib64/ld-linux-x86-64.so.2 -o cmTC_b23e5 /usr/lib64/gcc/x86_64-suse-linux/6/../../../../lib64/crt1.o /usr/lib64/gcc/x86_64-suse-linux/6/../../../../lib64/crti.o /usr/lib64/gcc/x86_64-suse-linux/6/crtbegin.o -L/usr/lib64/gcc/x86_64-suse-linux/6 -L/usr/lib64/gcc/x86_64-suse-linux/6/../../../../lib64 -L/lib/../lib64 -L/usr/lib/../lib64 -L/usr/lib64/gcc/x86_64-suse-linux/6/../../../../x86_64-suse-linux/lib -L/usr/lib64/gcc/x86_64-suse-linux/6/../../.. CMakeFiles/cmTC_b23e5.dir/CMakeCCompilerABI.c.o -lgcc --as-needed -lgcc_s --no-as-needed -lc -lgcc --as-needed -lgcc_s --no-as-needed /usr/lib64/gcc/x86_64-suse-linux/6/crtend.o /usr/lib64/gcc/x86_64-suse-linux/6/../../../../lib64/crtn.o]
    arg [/usr/lib64/gcc/x86_64-suse-linux/6/collect2] ==> ignore
    arg [-plugin] ==> ignore
    arg [/usr/lib64/gcc/x86_64-suse-linux/6/liblto_plugin.so] ==> ignore
    arg [-plugin-opt=/usr/lib64/gcc/x86_64-suse-linux/6/lto-wrapper] ==> ignore
    arg [-plugin-opt=-fresolution=/tmp/cce8K1Vj.res] ==> ignore
    arg [-plugin-opt=-pass-through=-lgcc] ==> ignore
    arg [-plugin-opt=-pass-through=-lgcc_s] ==> ignore
    arg [-plugin-opt=-pass-through=-lc] ==> ignore
    arg [-plugin-opt=-pass-through=-lgcc] ==> ignore
    arg [-plugin-opt=-pass-through=-lgcc_s] ==> ignore
    arg [--build-id] ==> ignore
    arg [--eh-frame-hdr] ==> ignore
    arg [-m] ==> ignore
    arg [elf_x86_64] ==> ignore
    arg [-dynamic-linker] ==> ignore
    arg [/lib64/ld-linux-x86-64.so.2] ==> ignore
    arg [-o] ==> ignore
    arg [cmTC_b23e5] ==> ignore
    arg [/usr/lib64/gcc/x86_64-suse-linux/6/../../../../lib64/crt1.o] ==> ignore
    arg [/usr/lib64/gcc/x86_64-suse-linux/6/../../../../lib64/crti.o] ==> ignore
    arg [/usr/lib64/gcc/x86_64-suse-linux/6/crtbegin.o] ==> ignore
    arg [-L/usr/lib64/gcc/x86_64-suse-linux/6] ==> dir [/usr/lib64/gcc/x86_64-suse-linux/6]
    arg [-L/usr/lib64/gcc/x86_64-suse-linux/6/../../../../lib64] ==> dir [/usr/lib64/gcc/x86_64-suse-linux/6/../../../../lib64]
    arg [-L/lib/../lib64] ==> dir [/lib/../lib64]
    arg [-L/usr/lib/../lib64] ==> dir [/usr/lib/../lib64]
    arg [-L/usr/lib64/gcc/x86_64-suse-linux/6/../../../../x86_64-suse-linux/lib] ==> dir [/usr/lib64/gcc/x86_64-suse-linux/6/../../../../x86_64-suse-linux/lib]
    arg [-L/usr/lib64/gcc/x86_64-suse-linux/6/../../..] ==> dir [/usr/lib64/gcc/x86_64-suse-linux/6/../../..]
    arg [CMakeFiles/cmTC_b23e5.dir/CMakeCCompilerABI.c.o] ==> ignore
    arg [-lgcc] ==> lib [gcc]
    arg [--as-needed] ==> ignore
    arg [-lgcc_s] ==> lib [gcc_s]
    arg [--no-as-needed] ==> ignore
    arg [-lc] ==> lib [c]
    arg [-lgcc] ==> lib [gcc]
    arg [--as-needed] ==> ignore
    arg [-lgcc_s] ==> lib [gcc_s]
    arg [--no-as-needed] ==> ignore
    arg [/usr/lib64/gcc/x86_64-suse-linux/6/crtend.o] ==> ignore
    arg [/usr/lib64/gcc/x86_64-suse-linux/6/../../../../lib64/crtn.o] ==> ignore
  remove lib [gcc]
  remove lib [gcc_s]
  remove lib [gcc]
  remove lib [gcc_s]
  collapse library dir [/usr/lib64/gcc/x86_64-suse-linux/6] ==> [/usr/lib64/gcc/x86_64-suse-linux/6]
  collapse library dir [/usr/lib64/gcc/x86_64-suse-linux/6/../../../../lib64] ==> [/usr/lib64]
  collapse library dir [/lib/../lib64] ==> [/lib64]
  collapse library dir [/usr/lib/../lib64] ==> [/usr/lib64]
  collapse library dir [/usr/lib64/gcc/x86_64-suse-linux/6/../../../../x86_64-suse-linux/lib] ==> [/usr/x86_64-suse-linux/lib]
  collapse library dir [/usr/lib64/gcc/x86_64-suse-linux/6/../../..] ==> [/usr/lib64]
  implicit libs: [c]
  implicit dirs: [/usr/lib64/gcc/x86_64-suse-linux/6;/usr/lib64;/lib64;/usr/x86_64-suse-linux/lib]
  implicit fwks: []




Detecting C [-std=c11] compiler features compiled with the following output:
Change Dir: /home/anton/Desktop/Projects/AVR/gsm-module/CMakeFiles/CMakeTmp

Run Build Command:"/usr/bin/gmake" "cmTC_81015/fast"
/usr/bin/gmake -f CMakeFiles/cmTC_81015.dir/build.make CMakeFiles/cmTC_81015.dir/build
gmake[1]: вход в каталог «/home/anton/Desktop/Projects/AVR/gsm-module/CMakeFiles/CMakeTmp»
Building C object CMakeFiles/cmTC_81015.dir/feature_tests.c.o
/usr/bin/gcc    -std=c11 -o CMakeFiles/cmTC_81015.dir/feature_tests.c.o   -c /home/anton/Desktop/Projects/AVR/gsm-module/CMakeFiles/feature_tests.c
Linking C executable cmTC_81015
/usr/bin/cmake -E cmake_link_script CMakeFiles/cmTC_81015.dir/link.txt --verbose=1
/usr/bin/gcc       CMakeFiles/cmTC_81015.dir/feature_tests.c.o  -o cmTC_81015 
gmake[1]: выход из каталога «/home/anton/Desktop/Projects/AVR/gsm-module/CMakeFiles/CMakeTmp»


    Feature record: C_FEATURE:1c_function_prototypes
    Feature record: C_FEATURE:1c_restrict
    Feature record: C_FEATURE:1c_static_assert
    Feature record: C_FEATURE:1c_variadic_macros


Detecting C [-std=c99] compiler features compiled with the following output:
Change Dir: /home/anton/Desktop/Projects/AVR/gsm-module/CMakeFiles/CMakeTmp

Run Build Command:"/usr/bin/gmake" "cmTC_639d7/fast"
/usr/bin/gmake -f CMakeFiles/cmTC_639d7.dir/build.make CMakeFiles/cmTC_639d7.dir/build
gmake[1]: вход в каталог «/home/anton/Desktop/Projects/AVR/gsm-module/CMakeFiles/CMakeTmp»
Building C object CMakeFiles/cmTC_639d7.dir/feature_tests.c.o
/usr/bin/gcc    -std=c99 -o CMakeFiles/cmTC_639d7.dir/feature_tests.c.o   -c /home/anton/Desktop/Projects/AVR/gsm-module/CMakeFiles/feature_tests.c
Linking C executable cmTC_639d7
/usr/bin/cmake -E cmake_link_script CMakeFiles/cmTC_639d7.dir/link.txt --verbose=1
/usr/bin/gcc       CMakeFiles/cmTC_639d7.dir/feature_tests.c.o  -o cmTC_639d7 
gmake[1]: выход из каталога «/home/anton/Desktop/Projects/AVR/gsm-module/CMakeFiles/CMakeTmp»


    Feature record: C_FEATURE:1c_function_prototypes
    Feature record: C_FEATURE:1c_restrict
    Feature record: C_FEATURE:0c_static_assert
    Feature record: C_FEATURE:1c_variadic_macros


Detecting C [-std=c90] compiler features compiled with the following output:
Change Dir: /home/anton/Desktop/Projects/AVR/gsm-module/CMakeFiles/CMakeTmp

Run Build Command:"/usr/bin/gmake" "cmTC_3e5f9/fast"
/usr/bin/gmake -f CMakeFiles/cmTC_3e5f9.dir/build.make CMakeFiles/cmTC_3e5f9.dir/build
gmake[1]: вход в каталог «/home/anton/Desktop/Projects/AVR/gsm-module/CMakeFiles/CMakeTmp»
Building C object CMakeFiles/cmTC_3e5f9.dir/feature_tests.c.o
/usr/bin/gcc    -std=c90 -o CMakeFiles/cmTC_3e5f9.dir/feature_tests.c.o   -c /home/anton/Desktop/Projects/AVR/gsm-module/CMakeFiles/feature_tests.c
Linking C executable cmTC_3e5f9
/usr/bin/cmake -E cmake_link_script CMakeFiles/cmTC_3e5f9.dir/link.txt --verbose=1
/usr/bin/gcc       CMakeFiles/cmTC_3e5f9.dir/feature_tests.c.o  -o cmTC_3e5f9 
gmake[1]: выход из каталога «/home/anton/Desktop/Projects/AVR/gsm-module/CMakeFiles/CMakeTmp»


    Feature record: C_FEATURE:1c_function_prototypes
    Feature record: C_FEATURE:0c_restrict
    Feature record: C_FEATURE:0c_static_assert
    Feature record: C_FEATURE:0c_variadic_macros
Determining if the CXX compiler works passed with the following output:
Change Dir: /home/anton/Desktop/Projects/AVR/gsm-module/CMakeFiles/CMakeTmp

Run Build Command:"/usr/bin/gmake" "cmTC_452bc/fast"
/usr/bin/gmake -f CMakeFiles/cmTC_452bc.dir/build.make CMakeFiles/cmTC_452bc.dir/build
gmake[1]: вход в каталог «/home/anton/Desktop/Projects/AVR/gsm-module/CMakeFiles/CMakeTmp»
Building CXX object CMakeFiles/cmTC_452bc.dir/testCXXCompiler.cxx.o
/usr/bin/g++      -o CMakeFiles/cmTC_452bc.dir/testCXXCompiler.cxx.o -c /home/anton/Desktop/Projects/AVR/gsm-module/CMakeFiles/CMakeTmp/testCXXCompiler.cxx
Linking CXX executable cmTC_452bc
/usr/bin/cmake -E cmake_link_script CMakeFiles/cmTC_452bc.dir/link.txt --verbose=1
/usr/bin/g++        CMakeFiles/cmTC_452bc.dir/testCXXCompiler.cxx.o  -o cmTC_452bc 
gmake[1]: выход из каталога «/home/anton/Desktop/Projects/AVR/gsm-module/CMakeFiles/CMakeTmp»


Detecting CXX compiler ABI info compiled with the following output:
Change Dir: /home/anton/Desktop/Projects/AVR/gsm-module/CMakeFiles/CMakeTmp

Run Build Command:"/usr/bin/gmake" "cmTC_c64aa/fast"
/usr/bin/gmake -f CMakeFiles/cmTC_c64aa.dir/build.make CMakeFiles/cmTC_c64aa.dir/build
gmake[1]: вход в каталог «/home/anton/Desktop/Projects/AVR/gsm-module/CMakeFiles/CMakeTmp»
Building CXX object CMakeFiles/cmTC_c64aa.dir/CMakeCXXCompilerABI.cpp.o
/usr/bin/g++      -o CMakeFiles/cmTC_c64aa.dir/CMakeCXXCompilerABI.cpp.o -c /usr/share/cmake/Modules/CMakeCXXCompilerABI.cpp
Linking CXX executable cmTC_c64aa
/usr/bin/cmake -E cmake_link_script CMakeFiles/cmTC_c64aa.dir/link.txt --verbose=1
/usr/bin/g++       -v CMakeFiles/cmTC_c64aa.dir/CMakeCXXCompilerABI.cpp.o  -o cmTC_c64aa  
Using built-in specs.
COLLECT_GCC=/usr/bin/g++
COLLECT_LTO_WRAPPER=/usr/lib64/gcc/x86_64-suse-linux/6/lto-wrapper
Target: x86_64-suse-linux
Configured with: ../configure --prefix=/usr --infodir=/usr/share/info --mandir=/usr/share/man --libdir=/usr/lib64 --libexecdir=/usr/lib64 --enable-languages=c,c++,objc,fortran,obj-c++,java,ada,go --enable-offload-targets=hsa --enable-checking=release --with-gxx-include-dir=/usr/include/c++/6 --enable-ssp --disable-libssp --disable-libvtv --disable-libcc1 --disable-plugin --with-bugurl=http://bugs.opensuse.org/ --with-pkgversion='SUSE Linux' --disable-libgcj --with-slibdir=/lib64 --with-system-zlib --enable-__cxa_atexit --enable-libstdcxx-allocator=new --disable-libstdcxx-pch --with-default-libstdcxx-abi=gcc4-compatible --enable-version-specific-runtime-libs --enable-linker-build-id --enable-linux-futex --enable-gnu-indirect-function --program-suffix=-6 --without-system-libunwind --enable-multilib --with-arch-32=x86-64 --with-tune=generic --build=x86_64-suse-linux --host=x86_64-suse-linux
Thread model: posix
gcc version 6.2.1 20160826 [gcc-6-branch revision 239773] (SUSE Linux) 
COMPILER_PATH=/usr/lib64/gcc/x86_64-suse-linux/6/:/usr/lib64/gcc/x86_64-suse-linux/6/:/usr/lib64/gcc/x86_64-suse-linux/:/usr/lib64/gcc/x86_64-suse-linux/6/:/usr/lib64/gcc/x86_64-suse-linux/:/usr/lib64/gcc/x86_64-suse-linux/6/../../../../x86_64-suse-linux/bin/
LIBRARY_PATH=/usr/lib64/gcc/x86_64-suse-linux/6/:/usr/lib64/gcc/x86_64-suse-linux/6/../../../../lib64/:/lib/../lib64/:/usr/lib/../lib64/:/usr/lib64/gcc/x86_64-suse-linux/6/../../../../x86_64-suse-linux/lib/:/usr/lib64/gcc/x86_64-suse-linux/6/../../../:/lib/:/usr/lib/
COLLECT_GCC_OPTIONS='-v' '-o' 'cmTC_c64aa' '-shared-libgcc' '-mtune=generic' '-march=x86-64'
 /usr/lib64/gcc/x86_64-suse-linux/6/collect2 -plugin /usr/lib64/gcc/x86_64-suse-linux/6/liblto_plugin.so -plugin-opt=/usr/lib64/gcc/x86_64-suse-linux/6/lto-wrapper -plugin-opt=-fresolution=/tmp/ccLripsA.res -plugin-opt=-pass-through=-lgcc_s -plugin-opt=-pass-through=-lgcc -plugin-opt=-pass-through=-lc -plugin-opt=-pass-through=-lgcc_s -plugin-opt=-pass-through=-lgcc --build-id --eh-frame-hdr -m elf_x86_64 -dynamic-linker /lib64/ld-linux-x86-64.so.2 -o cmTC_c64aa /usr/lib64/gcc/x86_64-suse-linux/6/../../../../lib64/crt1.o /usr/lib64/gcc/x86_64-suse-linux/6/../../../../lib64/crti.o /usr/lib64/gcc/x86_64-suse-linux/6/crtbegin.o -L/usr/lib64/gcc/x86_64-suse-linux/6 -L/usr/lib64/gcc/x86_64-suse-linux/6/../../../../lib64 -L/lib/../lib64 -L/usr/lib/../lib64 -L/usr/lib64/gcc/x86_64-suse-linux/6/../../../../x86_64-suse-linux/lib -L/usr/lib64/gcc/x86_64-suse-linux/6/../../.. CMakeFiles/cmTC_c64aa.dir/CMakeCXXCompilerABI.cpp.o -lstdc++ -lm -lgcc_s -lgcc -lc -lgcc_s -lgcc /usr/lib64/gcc/x86_64-suse-linux/6/crtend.o /usr/lib64/gcc/x86_64-suse-linux/6/../../../../lib64/crtn.o
COLLECT_GCC_OPTIONS='-v' '-o' 'cmTC_c64aa' '-shared-libgcc' '-mtune=generic' '-march=x86-64'
gmake[1]: выход из каталога «/home/anton/Desktop/Projects/AVR/gsm-module/CMakeFiles/CMakeTmp»


Parsed CXX implicit link information from above output:
  link line regex: [^( *|.*[/\])(ld|([^/\]+-)?ld|collect2)[^/\]*( |$)]
  ignore line: [Change Dir: /home/anton/Desktop/Projects/AVR/gsm-module/CMakeFiles/CMakeTmp]
  ignore line: []
  ignore line: [Run Build Command:"/usr/bin/gmake" "cmTC_c64aa/fast"]
  ignore line: [/usr/bin/gmake -f CMakeFiles/cmTC_c64aa.dir/build.make CMakeFiles/cmTC_c64aa.dir/build]
  ignore line: [gmake[1]: вход в каталог «/home/anton/Desktop/Projects/AVR/gsm-module/CMakeFiles/CMakeTmp»]
  ignore line: [Building CXX object CMakeFiles/cmTC_c64aa.dir/CMakeCXXCompilerABI.cpp.o]
  ignore line: [/usr/bin/g++      -o CMakeFiles/cmTC_c64aa.dir/CMakeCXXCompilerABI.cpp.o -c /usr/share/cmake/Modules/CMakeCXXCompilerABI.cpp]
  ignore line: [Linking CXX executable cmTC_c64aa]
  ignore line: [/usr/bin/cmake -E cmake_link_script CMakeFiles/cmTC_c64aa.dir/link.txt --verbose=1]
  ignore line: [/usr/bin/g++       -v CMakeFiles/cmTC_c64aa.dir/CMakeCXXCompilerABI.cpp.o  -o cmTC_c64aa  ]
  ignore line: [Using built-in specs.]
  ignore line: [COLLECT_GCC=/usr/bin/g++]
  ignore line: [COLLECT_LTO_WRAPPER=/usr/lib64/gcc/x86_64-suse-linux/6/lto-wrapper]
  ignore line: [Target: x86_64-suse-linux]
  ignore line: [Configured with: ../configure --prefix=/usr --infodir=/usr/share/info --mandir=/usr/share/man --libdir=/usr/lib64 --libexecdir=/usr/lib64 --enable-languages=c,c++,objc,fortran,obj-c++,java,ada,go --enable-offload-targets=hsa --enable-checking=release --with-gxx-include-dir=/usr/include/c++/6 --enable-ssp --disable-libssp --disable-libvtv --disable-libcc1 --disable-plugin --with-bugurl=http://bugs.opensuse.org/ --with-pkgversion='SUSE Linux' --disable-libgcj --with-slibdir=/lib64 --with-system-zlib --enable-__cxa_atexit --enable-libstdcxx-allocator=new --disable-libstdcxx-pch --with-default-libstdcxx-abi=gcc4-compatible --enable-version-specific-runtime-libs --enable-linker-build-id --enable-linux-futex --enable-gnu-indirect-function --program-suffix=-6 --without-system-libunwind --enable-multilib --with-arch-32=x86-64 --with-tune=generic --build=x86_64-suse-linux --host=x86_64-suse-linux]
  ignore line: [Thread model: posix]
  ignore line: [gcc version 6.2.1 20160826 [gcc-6-branch revision 239773] (SUSE Linux) ]
  ignore line: [COMPILER_PATH=/usr/lib64/gcc/x86_64-suse-linux/6/:/usr/lib64/gcc/x86_64-suse-linux/6/:/usr/lib64/gcc/x86_64-suse-linux/:/usr/lib64/gcc/x86_64-suse-linux/6/:/usr/lib64/gcc/x86_64-suse-linux/:/usr/lib64/gcc/x86_64-suse-linux/6/../../../../x86_64-suse-linux/bin/]
  ignore line: [LIBRARY_PATH=/usr/lib64/gcc/x86_64-suse-linux/6/:/usr/lib64/gcc/x86_64-suse-linux/6/../../../../lib64/:/lib/../lib64/:/usr/lib/../lib64/:/usr/lib64/gcc/x86_64-suse-linux/6/../../../../x86_64-suse-linux/lib/:/usr/lib64/gcc/x86_64-suse-linux/6/../../../:/lib/:/usr/lib/]
  ignore line: [COLLECT_GCC_OPTIONS='-v' '-o' 'cmTC_c64aa' '-shared-libgcc' '-mtune=generic' '-march=x86-64']
  link line: [ /usr/lib64/gcc/x86_64-suse-linux/6/collect2 -plugin /usr/lib64/gcc/x86_64-suse-linux/6/liblto_plugin.so -plugin-opt=/usr/lib64/gcc/x86_64-suse-linux/6/lto-wrapper -plugin-opt=-fresolution=/tmp/ccLripsA.res -plugin-opt=-pass-through=-lgcc_s -plugin-opt=-pass-through=-lgcc -plugin-opt=-pass-through=-lc -plugin-opt=-pass-through=-lgcc_s -plugin-opt=-pass-through=-lgcc --build-id --eh-frame-hdr -m elf_x86_64 -dynamic-linker /lib64/ld-linux-x86-64.so.2 -o cmTC_c64aa /usr/lib64/gcc/x86_64-suse-linux/6/../../../../lib64/crt1.o /usr/lib64/gcc/x86_64-suse-linux/6/../../../../lib64/crti.o /usr/lib64/gcc/x86_64-suse-linux/6/crtbegin.o -L/usr/lib64/gcc/x86_64-suse-linux/6 -L/usr/lib64/gcc/x86_64-suse-linux/6/../../../../lib64 -L/lib/../lib64 -L/usr/lib/../lib64 -L/usr/lib64/gcc/x86_64-suse-linux/6/../../../../x86_64-suse-linux/lib -L/usr/lib64/gcc/x86_64-suse-linux/6/../../.. CMakeFiles/cmTC_c64aa.dir/CMakeCXXCompilerABI.cpp.o -lstdc++ -lm -lgcc_s -lgcc -lc -lgcc_s -lgcc /usr/lib64/gcc/x86_64-suse-linux/6/crtend.o /usr/lib64/gcc/x86_64-suse-linux/6/../../../../lib64/crtn.o]
    arg [/usr/lib64/gcc/x86_64-suse-linux/6/collect2] ==> ignore
    arg [-plugin] ==> ignore
    arg [/usr/lib64/gcc/x86_64-suse-linux/6/liblto_plugin.so] ==> ignore
    arg [-plugin-opt=/usr/lib64/gcc/x86_64-suse-linux/6/lto-wrapper] ==> ignore
    arg [-plugin-opt=-fresolution=/tmp/ccLripsA.res] ==> ignore
    arg [-plugin-opt=-pass-through=-lgcc_s] ==> ignore
    arg [-plugin-opt=-pass-through=-lgcc] ==> ignore
    arg [-plugin-opt=-pass-through=-lc] ==> ignore
    arg [-plugin-opt=-pass-through=-lgcc_s] ==> ignore
    arg [-plugin-opt=-pass-through=-lgcc] ==> ignore
    arg [--build-id] ==> ignore
    arg [--eh-frame-hdr] ==> ignore
    arg [-m] ==> ignore
    arg [elf_x86_64] ==> ignore
    arg [-dynamic-linker] ==> ignore
    arg [/lib64/ld-linux-x86-64.so.2] ==> ignore
    arg [-o] ==> ignore
    arg [cmTC_c64aa] ==> ignore
    arg [/usr/lib64/gcc/x86_64-suse-linux/6/../../../../lib64/crt1.o] ==> ignore
    arg [/usr/lib64/gcc/x86_64-suse-linux/6/../../../../lib64/crti.o] ==> ignore
    arg [/usr/lib64/gcc/x86_64-suse-linux/6/crtbegin.o] ==> ignore
    arg [-L/usr/lib64/gcc/x86_64-suse-linux/6] ==> dir [/usr/lib64/gcc/x86_64-suse-linux/6]
    arg [-L/usr/lib64/gcc/x86_64-suse-linux/6/../../../../lib64] ==> dir [/usr/lib64/gcc/x86_64-suse-linux/6/../../../../lib64]
    arg [-L/lib/../lib64] ==> dir [/lib/../lib64]
    arg [-L/usr/lib/../lib64] ==> dir [/usr/lib/../lib64]
    arg [-L/usr/lib64/gcc/x86_64-suse-linux/6/../../../../x86_64-suse-linux/lib] ==> dir [/usr/lib64/gcc/x86_64-suse-linux/6/../../../../x86_64-suse-linux/lib]
    arg [-L/usr/lib64/gcc/x86_64-suse-linux/6/../../..] ==> dir [/usr/lib64/gcc/x86_64-suse-linux/6/../../..]
    arg [CMakeFiles/cmTC_c64aa.dir/CMakeCXXCompilerABI.cpp.o] ==> ignore
    arg [-lstdc++] ==> lib [stdc++]
    arg [-lm] ==> lib [m]
    arg [-lgcc_s] ==> lib [gcc_s]
    arg [-lgcc] ==> lib [gcc]
    arg [-lc] ==> lib [c]
    arg [-lgcc_s] ==> lib [gcc_s]
    arg [-lgcc] ==> lib [gcc]
    arg [/usr/lib64/gcc/x86_64-suse-linux/6/crtend.o] ==> ignore
    arg [/usr/lib64/gcc/x86_64-suse-linux/6/../../../../lib64/crtn.o] ==> ignore
  remove lib [gcc_s]
  remove lib [gcc]
  remove lib [gcc_s]
  remove lib [gcc]
  collapse library dir [/usr/lib64/gcc/x86_64-suse-linux/6] ==> [/usr/lib64/gcc/x86_64-suse-linux/6]
  collapse library dir [/usr/lib64/gcc/x86_64-suse-linux/6/../../../../lib64] ==> [/usr/lib64]
  collapse library dir [/lib/../lib64] ==> [/lib64]
  collapse library dir [/usr/lib/../lib64] ==> [/usr/lib64]
  collapse library dir [/usr/lib64/gcc/x86_64-suse-linux/6/../../../../x86_64-suse-linux/lib] ==> [/usr/x86_64-suse-linux/lib]
  collapse library dir [/usr/lib64/gcc/x86_64-suse-linux/6/../../..] ==> [/usr/lib64]
  implicit libs: [stdc++;m;c]
  implicit dirs: [/usr/lib64/gcc/x86_64-suse-linux/6;/usr/lib64;/lib64;/usr/x86_64-suse-linux/lib]
  implicit fwks: []




Detecting CXX [-std=c++14] compiler features compiled with the following output:
Change Dir: /home/anton/Desktop/Projects/AVR/gsm-module/CMakeFiles/CMakeTmp

Run Build Command:"/usr/bin/gmake" "cmTC_69f5c/fast"
/usr/bin/gmake -f CMakeFiles/cmTC_69f5c.dir/build.make CMakeFiles/cmTC_69f5c.dir/build
gmake[1]: вход в каталог «/home/anton/Desktop/Projects/AVR/gsm-module/CMakeFiles/CMakeTmp»
Building CXX object CMakeFiles/cmTC_69f5c.dir/feature_tests.cxx.o
/usr/bin/g++     -std=c++14 -o CMakeFiles/cmTC_69f5c.dir/feature_tests.cxx.o -c /home/anton/Desktop/Projects/AVR/gsm-module/CMakeFiles/feature_tests.cxx
Linking CXX executable cmTC_69f5c
/usr/bin/cmake -E cmake_link_script CMakeFiles/cmTC_69f5c.dir/link.txt --verbose=1
/usr/bin/g++        CMakeFiles/cmTC_69f5c.dir/feature_tests.cxx.o  -o cmTC_69f5c 
gmake[1]: выход из каталога «/home/anton/Desktop/Projects/AVR/gsm-module/CMakeFiles/CMakeTmp»


    Feature record: CXX_FEATURE:1cxx_aggregate_default_initializers
    Feature record: CXX_FEATURE:1cxx_alias_templates
    Feature record: CXX_FEATURE:1cxx_alignas
    Feature record: CXX_FEATURE:1cxx_alignof
    Feature record: CXX_FEATURE:1cxx_attributes
    Feature record: CXX_FEATURE:1cxx_attribute_deprecated
    Feature record: CXX_FEATURE:1cxx_auto_type
    Feature record: CXX_FEATURE:1cxx_binary_literals
    Feature record: CXX_FEATURE:1cxx_constexpr
    Feature record: CXX_FEATURE:1cxx_contextual_conversions
    Feature record: CXX_FEATURE:1cxx_decltype
    Feature record: CXX_FEATURE:1cxx_decltype_auto
    Feature record: CXX_FEATURE:1cxx_decltype_incomplete_return_types
    Feature record: CXX_FEATURE:1cxx_default_function_template_args
    Feature record: CXX_FEATURE:1cxx_defaulted_functions
    Feature record: CXX_FEATURE:1cxx_defaulted_move_initializers
    Feature record: CXX_FEATURE:1cxx_delegating_constructors
    Feature record: CXX_FEATURE:1cxx_deleted_functions
    Feature record: CXX_FEATURE:1cxx_digit_separators
    Feature record: CXX_FEATURE:1cxx_enum_forward_declarations
    Feature record: CXX_FEATURE:1cxx_explicit_conversions
    Feature record: CXX_FEATURE:1cxx_extended_friend_declarations
    Feature record: CXX_FEATURE:1cxx_extern_templates
    Feature record: CXX_FEATURE:1cxx_final
    Feature record: CXX_FEATURE:1cxx_func_identifier
    Feature record: CXX_FEATURE:1cxx_generalized_initializers
    Feature record: CXX_FEATURE:1cxx_generic_lambdas
    Feature record: CXX_FEATURE:1cxx_inheriting_constructors
    Feature record: CXX_FEATURE:1cxx_inline_namespaces
    Feature record: CXX_FEATURE:1cxx_lambdas
    Feature record: CXX_FEATURE:1cxx_lambda_init_captures
    Feature record: CXX_FEATURE:1cxx_local_type_template_args
    Feature record: CXX_FEATURE:1cxx_long_long_type
    Feature record: CXX_FEATURE:1cxx_noexcept
    Feature record: CXX_FEATURE:1cxx_nonstatic_member_init
    Feature record: CXX_FEATURE:1cxx_nullptr
    Feature record: CXX_FEATURE:1cxx_override
    Feature record: CXX_FEATURE:1cxx_range_for
    Feature record: CXX_FEATURE:1cxx_raw_string_literals
    Feature record: CXX_FEATURE:1cxx_reference_qualified_functions
    Feature record: CXX_FEATURE:1cxx_relaxed_constexpr
    Feature record: CXX_FEATURE:1cxx_return_type_deduction
    Feature record: CXX_FEATURE:1cxx_right_angle_brackets
    Feature record: CXX_FEATURE:1cxx_rvalue_references
    Feature record: CXX_FEATURE:1cxx_sizeof_member
    Feature record: CXX_FEATURE:1cxx_static_assert
    Feature record: CXX_FEATURE:1cxx_strong_enums
    Feature record: CXX_FEATURE:1cxx_template_template_parameters
    Feature record: CXX_FEATURE:1cxx_thread_local
    Feature record: CXX_FEATURE:1cxx_trailing_return_types
    Feature record: CXX_FEATURE:1cxx_unicode_literals
    Feature record: CXX_FEATURE:1cxx_uniform_initialization
    Feature record: CXX_FEATURE:1cxx_unrestricted_unions
    Feature record: CXX_FEATURE:1cxx_user_literals
    Feature record: CXX_FEATURE:1cxx_variable_templates
    Feature record: CXX_FEATURE:1cxx_variadic_macros
    Feature record: CXX_FEATURE:1cxx_variadic_templates


Detecting CXX [-std=c++11] compiler features compiled with the following output:
Change Dir: /home/anton/Desktop/Projects/AVR/gsm-module/CMakeFiles/CMakeTmp

Run Build Command:"/usr/bin/gmake" "cmTC_41bb6/fast"
/usr/bin/gmake -f CMakeFiles/cmTC_41bb6.dir/build.make CMakeFiles/cmTC_41bb6.dir/build
gmake[1]: вход в каталог «/home/anton/Desktop/Projects/AVR/gsm-module/CMakeFiles/CMakeTmp»
Building CXX object CMakeFiles/cmTC_41bb6.dir/feature_tests.cxx.o
/usr/bin/g++     -std=c++11 -o CMakeFiles/cmTC_41bb6.dir/feature_tests.cxx.o -c /home/anton/Desktop/Projects/AVR/gsm-module/CMakeFiles/feature_tests.cxx
Linking CXX executable cmTC_41bb6
/usr/bin/cmake -E cmake_link_script CMakeFiles/cmTC_41bb6.dir/link.txt --verbose=1
/usr/bin/g++        CMakeFiles/cmTC_41bb6.dir/feature_tests.cxx.o  -o cmTC_41bb6 
gmake[1]: выход из каталога «/home/anton/Desktop/Projects/AVR/gsm-module/CMakeFiles/CMakeTmp»


    Feature record: CXX_FEATURE:0cxx_aggregate_default_initializers
    Feature record: CXX_FEATURE:1cxx_alias_templates
    Feature record: CXX_FEATURE:1cxx_alignas
    Feature record: CXX_FEATURE:1cxx_alignof
    Feature record: CXX_FEATURE:1cxx_attributes
    Feature record: CXX_FEATURE:0cxx_attribute_deprecated
    Feature record: CXX_FEATURE:1cxx_auto_type
    Feature record: CXX_FEATURE:0cxx_binary_literals
    Feature record: CXX_FEATURE:1cxx_constexpr
    Feature record: CXX_FEATURE:0cxx_contextual_conversions
    Feature record: CXX_FEATURE:1cxx_decltype
    Feature record: CXX_FEATURE:0cxx_decltype_auto
    Feature record: CXX_FEATURE:1cxx_decltype_incomplete_return_types
    Feature record: CXX_FEATURE:1cxx_default_function_template_args
    Feature record: CXX_FEATURE:1cxx_defaulted_functions
    Feature record: CXX_FEATURE:1cxx_defaulted_move_initializers
    Feature record: CXX_FEATURE:1cxx_delegating_constructors
    Feature record: CXX_FEATURE:1cxx_deleted_functions
    Feature record: CXX_FEATURE:0cxx_digit_separators
    Feature record: CXX_FEATURE:1cxx_enum_forward_declarations
    Feature record: CXX_FEATURE:1cxx_explicit_conversions
    Feature record: CXX_FEATURE:1cxx_extended_friend_declarations
    Feature record: CXX_FEATURE:1cxx_extern_templates
    Feature record: CXX_FEATURE:1cxx_final
    Feature record: CXX_FEATURE:1cxx_func_identifier
    Feature record: CXX_FEATURE:1cxx_generalized_initializers
    Feature record: CXX_FEATURE:0cxx_generic_lambdas
    Feature record: CXX_FEATURE:1cxx_inheriting_constructors
    Feature record: CXX_FEATURE:1cxx_inline_namespaces
    Feature record: CXX_FEATURE:1cxx_lambdas
    Feature record: CXX_FEATURE:0cxx_lambda_init_captures
    Feature record: CXX_FEATURE:1cxx_local_type_template_args
    Feature record: CXX_FEATURE:1cxx_long_long_type
    Feature record: CXX_FEATURE:1cxx_noexcept
    Feature record: CXX_FEATURE:1cxx_nonstatic_member_init
    Feature record: CXX_FEATURE:1cxx_nullptr
    Feature record: CXX_FEATURE:1cxx_override
    Feature record: CXX_FEATURE:1cxx_range_for
    Feature record: CXX_FEATURE:1cxx_raw_string_literals
    Feature record: CXX_FEATURE:1cxx_reference_qualified_functions
    Feature record: CXX_FEATURE:0cxx_relaxed_constexpr
    Feature record: CXX_FEATURE:0cxx_return_type_deduction
    Feature record: CXX_FEATURE:1cxx_right_angle_brackets
    Feature record: CXX_FEATURE:1cxx_rvalue_references
    Feature record: CXX_FEATURE:1cxx_sizeof_member
    Feature record: CXX_FEATURE:1cxx_static_assert
    Feature record: CXX_FEATURE:1cxx_strong_enums
    Feature record: CXX_FEATURE:1cxx_template_template_parameters
    Feature record: CXX_FEATURE:1cxx_thread_local
    Feature record: CXX_FEATURE:1cxx_trailing_return_types
    Feature record: CXX_FEATURE:1cxx_unicode_literals
    Feature record: CXX_FEATURE:1cxx_uniform_initialization
    Feature record: CXX_FEATURE:1cxx_unrestricted_unions
    Feature record: CXX_FEATURE:1cxx_user_literals
    Feature record: CXX_FEATURE:0cxx_variable_templates
    Feature record: CXX_FEATURE:1cxx_variadic_macros
    Feature record: CXX_FEATURE:1cxx_variadic_templates


Detecting CXX [-std=c++98] compiler features compiled with the following output:
Change Dir: /home/anton/Desktop/Projects/AVR/gsm-module/CMakeFiles/CMakeTmp

Run Build Command:"/usr/bin/gmake" "cmTC_69259/fast"
/usr/bin/gmake -f CMakeFiles/cmTC_69259.dir/build.make CMakeFiles/cmTC_69259.dir/build
gmake[1]: вход в каталог «/home/anton/Desktop/Projects/AVR/gsm-module/CMakeFiles/CMakeTmp»
Building CXX object CMakeFiles/cmTC_69259.dir/feature_tests.cxx.o
/usr/bin/g++     -std=c++98 -o CMakeFiles/cmTC_69259.dir/feature_tests.cxx.o -c /home/anton/Desktop/Projects/AVR/gsm-module/CMakeFiles/feature_tests.cxx
Linking CXX executable cmTC_69259
/usr/bin/cmake -E cmake_link_script CMakeFiles/cmTC_69259.dir/link.txt --verbose=1
/usr/bin/g++        CMakeFiles/cmTC_69259.dir/feature_tests.cxx.o  -o cmTC_69259 
gmake[1]: выход из каталога «/home/anton/Desktop/Projects/AVR/gsm-module/CMakeFiles/CMakeTmp»


    Feature record: CXX_FEATURE:0cxx_aggregate_default_initializers
    Feature record: CXX_FEATURE:0cxx_alias_templates
    Feature record: CXX_FEATURE:0cxx_alignas
    Feature record: CXX_FEATURE:0cxx_alignof
    Feature record: CXX_FEATURE:0cxx_attributes
    Feature record: CXX_FEATURE:0cxx_attribute_deprecated
    Feature record: CXX_FEATURE:0cxx_auto_type
    Feature record: CXX_FEATURE:0cxx_binary_literals
    Feature record: CXX_FEATURE:0cxx_constexpr
    Feature record: CXX_FEATURE:0cxx_contextual_conversions
    Feature record: CXX_FEATURE:0cxx_decltype
    Feature record: CXX_FEATURE:0cxx_decltype_auto
    Feature record: CXX_FEATURE:0cxx_decltype_incomplete_return_types
    Feature record: CXX_FEATURE:0cxx_default_function_template_args
    Feature record: CXX_FEATURE:0cxx_defaulted_functions
    Feature record: CXX_FEATURE:0cxx_defaulted_move_initializers
    Feature record: CXX_FEATURE:0cxx_delegating_constructors
    Feature record: CXX_FEATURE:0cxx_deleted_functions
    Feature record: CXX_FEATURE:0cxx_digit_separators
    Feature record: CXX_FEATURE:0cxx_enum_forward_declarations
    Feature record: CXX_FEATURE:0cxx_explicit_conversions
    Feature record: CXX_FEATURE:0cxx_extended_friend_declarations
    Feature record: CXX_FEATURE:0cxx_extern_templates
    Feature record: CXX_FEATURE:0cxx_final
    Feature record: CXX_FEATURE:0cxx_func_identifier
    Feature record: CXX_FEATURE:0cxx_generalized_initializers
    Feature record: CXX_FEATURE:0cxx_generic_lambdas
    Feature record: CXX_FEATURE:0cxx_inheriting_constructors
    Feature record: CXX_FEATURE:0cxx_inline_namespaces
    Feature record: CXX_FEATURE:0cxx_lambdas
    Feature record: CXX_FEATURE:0cxx_lambda_init_captures
    Feature record: CXX_FEATURE:0cxx_local_type_template_args
    Feature record: CXX_FEATURE:0cxx_long_long_type
    Feature record: CXX_FEATURE:0cxx_noexcept
    Feature record: CXX_FEATURE:0cxx_nonstatic_member_init
    Feature record: CXX_FEATURE:0cxx_nullptr
    Feature record: CXX_FEATURE:0cxx_override
    Feature record: CXX_FEATURE:0cxx_range_for
    Feature record: CXX_FEATURE:0cxx_raw_string_literals
    Feature record: CXX_FEATURE:0cxx_reference_qualified_functions
    Feature record: CXX_FEATURE:0cxx_relaxed_constexpr
    Feature record: CXX_FEATURE:0cxx_return_type_deduction
    Feature record: CXX_FEATURE:0cxx_right_angle_brackets
    Feature record: CXX_FEATURE:0cxx_rvalue_references
    Feature record: CXX_FEATURE:0cxx_sizeof_member
    Feature record: CXX_FEATURE:0cxx_static_assert
    Feature record: CXX_FEATURE:0cxx_strong_enums
    Feature record: CXX_FEATURE:1cxx_template_template_parameters
    Feature record: CXX_FEATURE:0cxx_thread_local
    Feature record: CXX_FEATURE:0cxx_trailing_return_types
    Feature record: CXX_FEATURE:0cxx_unicode_literals
    Feature record: CXX_FEATURE:0cxx_uniform_initialization
    Feature record: CXX_FEATURE:0cxx_unrestricted_unions
    Feature record: CXX_FEATURE:0cxx_user_literals
    Feature record: CXX_FEATURE:0cxx_variable_templates
    Feature record: CXX_FEATURE:0cxx_variadic_macros
    Feature record: CXX_FEATURE:0cxx_variadic_templates
